
*** Running vivado
    with args -log Tile_Generator_TopLevel.vdi -applog -m64 -product Vivado -messageDb vivado.pb -mode batch -source Tile_Generator_TopLevel.tcl -notrace


****** Vivado v2024.2 (64-bit)
  **** SW Build 5239630 on Fri Nov 08 22:34:34 MST 2024
  **** IP Build 5239520 on Sun Nov 10 16:12:51 MST 2024
  **** SharedData Build 5239561 on Fri Nov 08 14:39:27 MST 2024
  **** Start of session at: Mon Jul  6 20:33:46 2026
    ** Copyright 1986-2022 Xilinx, Inc. All Rights Reserved.
    ** Copyright 2022-2024 Advanced Micro Devices, Inc. All Rights Reserved.

source Tile_Generator_TopLevel.tcl -notrace
Command: link_design -top Tile_Generator_TopLevel -part xc7a35tcpg236-1
Design is defaulting to srcset: sources_1
Design is defaulting to constrset: constrs_1
INFO: [Device 21-403] Loading part xc7a35tcpg236-1
INFO: [Project 1-454] Reading design checkpoint '/home/adyn/Documents/GitHub/FPGA-VGA-Tile-Renderer/vivado_project/vivado_project.gen/sources_1/ip/clk_wiz_0/clk_wiz_0.dcp' for cell 'clk_25mhz'
Netlist sorting complete. Time (s): cpu = 00:00:00 ; elapsed = 00:00:00 . Memory (MB): peak = 1471.145 ; gain = 0.000 ; free physical = 4153 ; free virtual = 17967
INFO: [Netlist 29-17] Analyzing 7 Unisim elements for replacement
INFO: [Netlist 29-28] Unisim Transformation completed in 0 CPU seconds
INFO: [Project 1-479] Netlist was created with Vivado 2024.2
INFO: [Project 1-570] Preparing netlist for logic optimization
Parsing XDC File [/home/adyn/Documents/GitHub/FPGA-VGA-Tile-Renderer/vivado_project/vivado_project.gen/sources_1/ip/clk_wiz_0/clk_wiz_0_board.xdc] for cell 'clk_25mhz/inst'
Finished Parsing XDC File [/home/adyn/Documents/GitHub/FPGA-VGA-Tile-Renderer/vivado_project/vivado_project.gen/sources_1/ip/clk_wiz_0/clk_wiz_0_board.xdc] for cell 'clk_25mhz/inst'
Parsing XDC File [/home/adyn/Documents/GitHub/FPGA-VGA-Tile-Renderer/vivado_project/vivado_project.gen/sources_1/ip/clk_wiz_0/clk_wiz_0.xdc] for cell 'clk_25mhz/inst'
INFO: [Timing 38-35] Done setting XDC timing constraints. [/home/adyn/Documents/GitHub/FPGA-VGA-Tile-Renderer/vivado_project/vivado_project.gen/sources_1/ip/clk_wiz_0/clk_wiz_0.xdc:54]
INFO: [Timing 38-2] Deriving generated clocks [/home/adyn/Documents/GitHub/FPGA-VGA-Tile-Renderer/vivado_project/vivado_project.gen/sources_1/ip/clk_wiz_0/clk_wiz_0.xdc:54]
get_clocks: Time (s): cpu = 00:00:06 ; elapsed = 00:00:07 . Memory (MB): peak = 2056.691 ; gain = 530.797 ; free physical = 3649 ; free virtual = 17463
Finished Parsing XDC File [/home/adyn/Documents/GitHub/FPGA-VGA-Tile-Renderer/vivado_project/vivado_project.gen/sources_1/ip/clk_wiz_0/clk_wiz_0.xdc] for cell 'clk_25mhz/inst'
Parsing XDC File [/home/adyn/Documents/GitHub/FPGA-VGA-Tile-Renderer/constraints/basys3.xdc]
WARNING: [Vivado 12-584] No ports matched 'SW0'. [/home/adyn/Documents/GitHub/FPGA-VGA-Tile-Renderer/constraints/basys3.xdc:7]
CRITICAL WARNING: [Common 17-55] 'set_property' expects at least one object. [/home/adyn/Documents/GitHub/FPGA-VGA-Tile-Renderer/constraints/basys3.xdc:7]
Resolution: If [get_<value>] was used to populate the object, check to make sure this command returns at least one valid object.
WARNING: [Vivado 12-584] No ports matched 'SW0'. [/home/adyn/Documents/GitHub/FPGA-VGA-Tile-Renderer/constraints/basys3.xdc:8]
CRITICAL WARNING: [Common 17-55] 'set_property' expects at least one object. [/home/adyn/Documents/GitHub/FPGA-VGA-Tile-Renderer/constraints/basys3.xdc:8]
Resolution: If [get_<value>] was used to populate the object, check to make sure this command returns at least one valid object.
WARNING: [Vivado 12-584] No ports matched 'SW1'. [/home/adyn/Documents/GitHub/FPGA-VGA-Tile-Renderer/constraints/basys3.xdc:9]
CRITICAL WARNING: [Common 17-55] 'set_property' expects at least one object. [/home/adyn/Documents/GitHub/FPGA-VGA-Tile-Renderer/constraints/basys3.xdc:9]
Resolution: If [get_<value>] was used to populate the object, check to make sure this command returns at least one valid object.
WARNING: [Vivado 12-584] No ports matched 'SW1'. [/home/adyn/Documents/GitHub/FPGA-VGA-Tile-Renderer/constraints/basys3.xdc:10]
CRITICAL WARNING: [Common 17-55] 'set_property' expects at least one object. [/home/adyn/Documents/GitHub/FPGA-VGA-Tile-Renderer/constraints/basys3.xdc:10]
Resolution: If [get_<value>] was used to populate the object, check to make sure this command returns at least one valid object.
WARNING: [Vivado 12-584] No ports matched 'SWITCH[2]'. [/home/adyn/Documents/GitHub/FPGA-VGA-Tile-Renderer/constraints/basys3.xdc:11]
CRITICAL WARNING: [Common 17-55] 'set_property' expects at least one object. [/home/adyn/Documents/GitHub/FPGA-VGA-Tile-Renderer/constraints/basys3.xdc:11]
Resolution: If [get_<value>] was used to populate the object, check to make sure this command returns at least one valid object.
WARNING: [Vivado 12-584] No ports matched 'SWITCH[2]'. [/home/adyn/Documents/GitHub/FPGA-VGA-Tile-Renderer/constraints/basys3.xdc:12]
CRITICAL WARNING: [Common 17-55] 'set_property' expects at least one object. [/home/adyn/Documents/GitHub/FPGA-VGA-Tile-Renderer/constraints/basys3.xdc:12]
Resolution: If [get_<value>] was used to populate the object, check to make sure this command returns at least one valid object.
WARNING: [Vivado 12-584] No ports matched 'SWITCH[3]'. [/home/adyn/Documents/GitHub/FPGA-VGA-Tile-Renderer/constraints/basys3.xdc:13]
CRITICAL WARNING: [Common 17-55] 'set_property' expects at least one object. [/home/adyn/Documents/GitHub/FPGA-VGA-Tile-Renderer/constraints/basys3.xdc:13]
Resolution: If [get_<value>] was used to populate the object, check to make sure this command returns at least one valid object.
WARNING: [Vivado 12-584] No ports matched 'SWITCH[3]'. [/home/adyn/Documents/GitHub/FPGA-VGA-Tile-Renderer/constraints/basys3.xdc:14]
CRITICAL WARNING: [Common 17-55] 'set_property' expects at least one object. [/home/adyn/Documents/GitHub/FPGA-VGA-Tile-Renderer/constraints/basys3.xdc:14]
Resolution: If [get_<value>] was used to populate the object, check to make sure this command returns at least one valid object.
WARNING: [Vivado 12-584] No ports matched 'SWITCH[4]'. [/home/adyn/Documents/GitHub/FPGA-VGA-Tile-Renderer/constraints/basys3.xdc:15]
CRITICAL WARNING: [Common 17-55] 'set_property' expects at least one object. [/home/adyn/Documents/GitHub/FPGA-VGA-Tile-Renderer/constraints/basys3.xdc:15]
Resolution: If [get_<value>] was used to populate the object, check to make sure this command returns at least one valid object.
WARNING: [Vivado 12-584] No ports matched 'SWITCH[4]'. [/home/adyn/Documents/GitHub/FPGA-VGA-Tile-Renderer/constraints/basys3.xdc:16]
CRITICAL WARNING: [Common 17-55] 'set_property' expects at least one object. [/home/adyn/Documents/GitHub/FPGA-VGA-Tile-Renderer/constraints/basys3.xdc:16]
Resolution: If [get_<value>] was used to populate the object, check to make sure this command returns at least one valid object.
WARNING: [Vivado 12-584] No ports matched 'SWITCH[5]'. [/home/adyn/Documents/GitHub/FPGA-VGA-Tile-Renderer/constraints/basys3.xdc:17]
CRITICAL WARNING: [Common 17-55] 'set_property' expects at least one object. [/home/adyn/Documents/GitHub/FPGA-VGA-Tile-Renderer/constraints/basys3.xdc:17]
Resolution: If [get_<value>] was used to populate the object, check to make sure this command returns at least one valid object.
WARNING: [Vivado 12-584] No ports matched 'SWITCH[5]'. [/home/adyn/Documents/GitHub/FPGA-VGA-Tile-Renderer/constraints/basys3.xdc:18]
CRITICAL WARNING: [Common 17-55] 'set_property' expects at least one object. [/home/adyn/Documents/GitHub/FPGA-VGA-Tile-Renderer/constraints/basys3.xdc:18]
Resolution: If [get_<value>] was used to populate the object, check to make sure this command returns at least one valid object.
WARNING: [Vivado 12-584] No ports matched 'SWITCH[6]'. [/home/adyn/Documents/GitHub/FPGA-VGA-Tile-Renderer/constraints/basys3.xdc:19]
CRITICAL WARNING: [Common 17-55] 'set_property' expects at least one object. [/home/adyn/Documents/GitHub/FPGA-VGA-Tile-Renderer/constraints/basys3.xdc:19]
Resolution: If [get_<value>] was used to populate the object, check to make sure this command returns at least one valid object.
WARNING: [Vivado 12-584] No ports matched 'SWITCH[6]'. [/home/adyn/Documents/GitHub/FPGA-VGA-Tile-Renderer/constraints/basys3.xdc:20]
CRITICAL WARNING: [Common 17-55] 'set_property' expects at least one object. [/home/adyn/Documents/GitHub/FPGA-VGA-Tile-Renderer/constraints/basys3.xdc:20]
Resolution: If [get_<value>] was used to populate the object, check to make sure this command returns at least one valid object.
WARNING: [Vivado 12-584] No ports matched 'SWITCH[7]'. [/home/adyn/Documents/GitHub/FPGA-VGA-Tile-Renderer/constraints/basys3.xdc:21]
CRITICAL WARNING: [Common 17-55] 'set_property' expects at least one object. [/home/adyn/Documents/GitHub/FPGA-VGA-Tile-Renderer/constraints/basys3.xdc:21]
Resolution: If [get_<value>] was used to populate the object, check to make sure this command returns at least one valid object.
WARNING: [Vivado 12-584] No ports matched 'SWITCH[7]'. [/home/adyn/Documents/GitHub/FPGA-VGA-Tile-Renderer/constraints/basys3.xdc:22]
CRITICAL WARNING: [Common 17-55] 'set_property' expects at least one object. [/home/adyn/Documents/GitHub/FPGA-VGA-Tile-Renderer/constraints/basys3.xdc:22]
Resolution: If [get_<value>] was used to populate the object, check to make sure this command returns at least one valid object.
WARNING: [Vivado 12-584] No ports matched 'SWITCH[8]'. [/home/adyn/Documents/GitHub/FPGA-VGA-Tile-Renderer/constraints/basys3.xdc:23]
CRITICAL WARNING: [Common 17-55] 'set_property' expects at least one object. [/home/adyn/Documents/GitHub/FPGA-VGA-Tile-Renderer/constraints/basys3.xdc:23]
Resolution: If [get_<value>] was used to populate the object, check to make sure this command returns at least one valid object.
WARNING: [Vivado 12-584] No ports matched 'SWITCH[8]'. [/home/adyn/Documents/GitHub/FPGA-VGA-Tile-Renderer/constraints/basys3.xdc:24]
CRITICAL WARNING: [Common 17-55] 'set_property' expects at least one object. [/home/adyn/Documents/GitHub/FPGA-VGA-Tile-Renderer/constraints/basys3.xdc:24]
Resolution: If [get_<value>] was used to populate the object, check to make sure this command returns at least one valid object.
WARNING: [Vivado 12-584] No ports matched 'SWITCH[9]'. [/home/adyn/Documents/GitHub/FPGA-VGA-Tile-Renderer/constraints/basys3.xdc:25]
CRITICAL WARNING: [Common 17-55] 'set_property' expects at least one object. [/home/adyn/Documents/GitHub/FPGA-VGA-Tile-Renderer/constraints/basys3.xdc:25]
Resolution: If [get_<value>] was used to populate the object, check to make sure this command returns at least one valid object.
WARNING: [Vivado 12-584] No ports matched 'SWITCH[9]'. [/home/adyn/Documents/GitHub/FPGA-VGA-Tile-Renderer/constraints/basys3.xdc:26]
CRITICAL WARNING: [Common 17-55] 'set_property' expects at least one object. [/home/adyn/Documents/GitHub/FPGA-VGA-Tile-Renderer/constraints/basys3.xdc:26]
Resolution: If [get_<value>] was used to populate the object, check to make sure this command returns at least one valid object.
WARNING: [Vivado 12-584] No ports matched 'SWITCH[10]'. [/home/adyn/Documents/GitHub/FPGA-VGA-Tile-Renderer/constraints/basys3.xdc:27]
CRITICAL WARNING: [Common 17-55] 'set_property' expects at least one object. [/home/adyn/Documents/GitHub/FPGA-VGA-Tile-Renderer/constraints/basys3.xdc:27]
Resolution: If [get_<value>] was used to populate the object, check to make sure this command returns at least one valid object.
WARNING: [Vivado 12-584] No ports matched 'SWITCH[10]'. [/home/adyn/Documents/GitHub/FPGA-VGA-Tile-Renderer/constraints/basys3.xdc:28]
CRITICAL WARNING: [Common 17-55] 'set_property' expects at least one object. [/home/adyn/Documents/GitHub/FPGA-VGA-Tile-Renderer/constraints/basys3.xdc:28]
Resolution: If [get_<value>] was used to populate the object, check to make sure this command returns at least one valid object.
WARNING: [Vivado 12-584] No ports matched 'SWITCH[11]'. [/home/adyn/Documents/GitHub/FPGA-VGA-Tile-Renderer/constraints/basys3.xdc:29]
CRITICAL WARNING: [Common 17-55] 'set_property' expects at least one object. [/home/adyn/Documents/GitHub/FPGA-VGA-Tile-Renderer/constraints/basys3.xdc:29]
Resolution: If [get_<value>] was used to populate the object, check to make sure this command returns at least one valid object.
WARNING: [Vivado 12-584] No ports matched 'SWITCH[11]'. [/home/adyn/Documents/GitHub/FPGA-VGA-Tile-Renderer/constraints/basys3.xdc:30]
CRITICAL WARNING: [Common 17-55] 'set_property' expects at least one object. [/home/adyn/Documents/GitHub/FPGA-VGA-Tile-Renderer/constraints/basys3.xdc:30]
Resolution: If [get_<value>] was used to populate the object, check to make sure this command returns at least one valid object.
WARNING: [Vivado 12-584] No ports matched 'SWITCH[12]'. [/home/adyn/Documents/GitHub/FPGA-VGA-Tile-Renderer/constraints/basys3.xdc:31]
CRITICAL WARNING: [Common 17-55] 'set_property' expects at least one object. [/home/adyn/Documents/GitHub/FPGA-VGA-Tile-Renderer/constraints/basys3.xdc:31]
Resolution: If [get_<value>] was used to populate the object, check to make sure this command returns at least one valid object.
WARNING: [Vivado 12-584] No ports matched 'SWITCH[12]'. [/home/adyn/Documents/GitHub/FPGA-VGA-Tile-Renderer/constraints/basys3.xdc:32]
CRITICAL WARNING: [Common 17-55] 'set_property' expects at least one object. [/home/adyn/Documents/GitHub/FPGA-VGA-Tile-Renderer/constraints/basys3.xdc:32]
Resolution: If [get_<value>] was used to populate the object, check to make sure this command returns at least one valid object.
WARNING: [Vivado 12-584] No ports matched 'SWITCH[13]'. [/home/adyn/Documents/GitHub/FPGA-VGA-Tile-Renderer/constraints/basys3.xdc:33]
CRITICAL WARNING: [Common 17-55] 'set_property' expects at least one object. [/home/adyn/Documents/GitHub/FPGA-VGA-Tile-Renderer/constraints/basys3.xdc:33]
Resolution: If [get_<value>] was used to populate the object, check to make sure this command returns at least one valid object.
WARNING: [Vivado 12-584] No ports matched 'SWITCH[13]'. [/home/adyn/Documents/GitHub/FPGA-VGA-Tile-Renderer/constraints/basys3.xdc:34]
CRITICAL WARNING: [Common 17-55] 'set_property' expects at least one object. [/home/adyn/Documents/GitHub/FPGA-VGA-Tile-Renderer/constraints/basys3.xdc:34]
Resolution: If [get_<value>] was used to populate the object, check to make sure this command returns at least one valid object.
WARNING: [Vivado 12-584] No ports matched 'SWITCH[14]'. [/home/adyn/Documents/GitHub/FPGA-VGA-Tile-Renderer/constraints/basys3.xdc:35]
CRITICAL WARNING: [Common 17-55] 'set_property' expects at least one object. [/home/adyn/Documents/GitHub/FPGA-VGA-Tile-Renderer/constraints/basys3.xdc:35]
Resolution: If [get_<value>] was used to populate the object, check to make sure this command returns at least one valid object.
WARNING: [Vivado 12-584] No ports matched 'SWITCH[14]'. [/home/adyn/Documents/GitHub/FPGA-VGA-Tile-Renderer/constraints/basys3.xdc:36]
CRITICAL WARNING: [Common 17-55] 'set_property' expects at least one object. [/home/adyn/Documents/GitHub/FPGA-VGA-Tile-Renderer/constraints/basys3.xdc:36]
Resolution: If [get_<value>] was used to populate the object, check to make sure this command returns at least one valid object.
WARNING: [Vivado 12-584] No ports matched 'SWITCH[15]'. [/home/adyn/Documents/GitHub/FPGA-VGA-Tile-Renderer/constraints/basys3.xdc:37]
CRITICAL WARNING: [Common 17-55] 'set_property' expects at least one object. [/home/adyn/Documents/GitHub/FPGA-VGA-Tile-Renderer/constraints/basys3.xdc:37]
Resolution: If [get_<value>] was used to populate the object, check to make sure this command returns at least one valid object.
WARNING: [Vivado 12-584] No ports matched 'SWITCH[15]'. [/home/adyn/Documents/GitHub/FPGA-VGA-Tile-Renderer/constraints/basys3.xdc:38]
CRITICAL WARNING: [Common 17-55] 'set_property' expects at least one object. [/home/adyn/Documents/GitHub/FPGA-VGA-Tile-Renderer/constraints/basys3.xdc:38]
Resolution: If [get_<value>] was used to populate the object, check to make sure this command returns at least one valid object.
WARNING: [Vivado 12-584] No ports matched 'LED[1]'. [/home/adyn/Documents/GitHub/FPGA-VGA-Tile-Renderer/constraints/basys3.xdc:44]
CRITICAL WARNING: [Common 17-55] 'set_property' expects at least one object. [/home/adyn/Documents/GitHub/FPGA-VGA-Tile-Renderer/constraints/basys3.xdc:44]
Resolution: If [get_<value>] was used to populate the object, check to make sure this command returns at least one valid object.
WARNING: [Vivado 12-584] No ports matched 'LED[1]'. [/home/adyn/Documents/GitHub/FPGA-VGA-Tile-Renderer/constraints/basys3.xdc:45]
CRITICAL WARNING: [Common 17-55] 'set_property' expects at least one object. [/home/adyn/Documents/GitHub/FPGA-VGA-Tile-Renderer/constraints/basys3.xdc:45]
Resolution: If [get_<value>] was used to populate the object, check to make sure this command returns at least one valid object.
WARNING: [Vivado 12-584] No ports matched 'LED[2]'. [/home/adyn/Documents/GitHub/FPGA-VGA-Tile-Renderer/constraints/basys3.xdc:46]
CRITICAL WARNING: [Common 17-55] 'set_property' expects at least one object. [/home/adyn/Documents/GitHub/FPGA-VGA-Tile-Renderer/constraints/basys3.xdc:46]
Resolution: If [get_<value>] was used to populate the object, check to make sure this command returns at least one valid object.
WARNING: [Vivado 12-584] No ports matched 'LED[2]'. [/home/adyn/Documents/GitHub/FPGA-VGA-Tile-Renderer/constraints/basys3.xdc:47]
CRITICAL WARNING: [Common 17-55] 'set_property' expects at least one object. [/home/adyn/Documents/GitHub/FPGA-VGA-Tile-Renderer/constraints/basys3.xdc:47]
Resolution: If [get_<value>] was used to populate the object, check to make sure this command returns at least one valid object.
WARNING: [Vivado 12-584] No ports matched 'LED[3]'. [/home/adyn/Documents/GitHub/FPGA-VGA-Tile-Renderer/constraints/basys3.xdc:48]
CRITICAL WARNING: [Common 17-55] 'set_property' expects at least one object. [/home/adyn/Documents/GitHub/FPGA-VGA-Tile-Renderer/constraints/basys3.xdc:48]
Resolution: If [get_<value>] was used to populate the object, check to make sure this command returns at least one valid object.
WARNING: [Vivado 12-584] No ports matched 'LED[3]'. [/home/adyn/Documents/GitHub/FPGA-VGA-Tile-Renderer/constraints/basys3.xdc:49]
CRITICAL WARNING: [Common 17-55] 'set_property' expects at least one object. [/home/adyn/Documents/GitHub/FPGA-VGA-Tile-Renderer/constraints/basys3.xdc:49]
Resolution: If [get_<value>] was used to populate the object, check to make sure this command returns at least one valid object.
WARNING: [Vivado 12-584] No ports matched 'LED[4]'. [/home/adyn/Documents/GitHub/FPGA-VGA-Tile-Renderer/constraints/basys3.xdc:50]
CRITICAL WARNING: [Common 17-55] 'set_property' expects at least one object. [/home/adyn/Documents/GitHub/FPGA-VGA-Tile-Renderer/constraints/basys3.xdc:50]
Resolution: If [get_<value>] was used to populate the object, check to make sure this command returns at least one valid object.
WARNING: [Vivado 12-584] No ports matched 'LED[4]'. [/home/adyn/Documents/GitHub/FPGA-VGA-Tile-Renderer/constraints/basys3.xdc:51]
CRITICAL WARNING: [Common 17-55] 'set_property' expects at least one object. [/home/adyn/Documents/GitHub/FPGA-VGA-Tile-Renderer/constraints/basys3.xdc:51]
Resolution: If [get_<value>] was used to populate the object, check to make sure this command returns at least one valid object.
WARNING: [Vivado 12-584] No ports matched 'LED[5]'. [/home/adyn/Documents/GitHub/FPGA-VGA-Tile-Renderer/constraints/basys3.xdc:52]
CRITICAL WARNING: [Common 17-55] 'set_property' expects at least one object. [/home/adyn/Documents/GitHub/FPGA-VGA-Tile-Renderer/constraints/basys3.xdc:52]
Resolution: If [get_<value>] was used to populate the object, check to make sure this command returns at least one valid object.
WARNING: [Vivado 12-584] No ports matched 'LED[5]'. [/home/adyn/Documents/GitHub/FPGA-VGA-Tile-Renderer/constraints/basys3.xdc:53]
CRITICAL WARNING: [Common 17-55] 'set_property' expects at least one object. [/home/adyn/Documents/GitHub/FPGA-VGA-Tile-Renderer/constraints/basys3.xdc:53]
Resolution: If [get_<value>] was used to populate the object, check to make sure this command returns at least one valid object.
WARNING: [Vivado 12-584] No ports matched 'LED[6]'. [/home/adyn/Documents/GitHub/FPGA-VGA-Tile-Renderer/constraints/basys3.xdc:54]
CRITICAL WARNING: [Common 17-55] 'set_property' expects at least one object. [/home/adyn/Documents/GitHub/FPGA-VGA-Tile-Renderer/constraints/basys3.xdc:54]
Resolution: If [get_<value>] was used to populate the object, check to make sure this command returns at least one valid object.
WARNING: [Vivado 12-584] No ports matched 'LED[6]'. [/home/adyn/Documents/GitHub/FPGA-VGA-Tile-Renderer/constraints/basys3.xdc:55]
CRITICAL WARNING: [Common 17-55] 'set_property' expects at least one object. [/home/adyn/Documents/GitHub/FPGA-VGA-Tile-Renderer/constraints/basys3.xdc:55]
Resolution: If [get_<value>] was used to populate the object, check to make sure this command returns at least one valid object.
WARNING: [Vivado 12-584] No ports matched 'LED[7]'. [/home/adyn/Documents/GitHub/FPGA-VGA-Tile-Renderer/constraints/basys3.xdc:56]
CRITICAL WARNING: [Common 17-55] 'set_property' expects at least one object. [/home/adyn/Documents/GitHub/FPGA-VGA-Tile-Renderer/constraints/basys3.xdc:56]
Resolution: If [get_<value>] was used to populate the object, check to make sure this command returns at least one valid object.
WARNING: [Vivado 12-584] No ports matched 'LED[7]'. [/home/adyn/Documents/GitHub/FPGA-VGA-Tile-Renderer/constraints/basys3.xdc:57]
CRITICAL WARNING: [Common 17-55] 'set_property' expects at least one object. [/home/adyn/Documents/GitHub/FPGA-VGA-Tile-Renderer/constraints/basys3.xdc:57]
Resolution: If [get_<value>] was used to populate the object, check to make sure this command returns at least one valid object.
WARNING: [Vivado 12-584] No ports matched 'LED[8]'. [/home/adyn/Documents/GitHub/FPGA-VGA-Tile-Renderer/constraints/basys3.xdc:58]
CRITICAL WARNING: [Common 17-55] 'set_property' expects at least one object. [/home/adyn/Documents/GitHub/FPGA-VGA-Tile-Renderer/constraints/basys3.xdc:58]
Resolution: If [get_<value>] was used to populate the object, check to make sure this command returns at least one valid object.
WARNING: [Vivado 12-584] No ports matched 'LED[8]'. [/home/adyn/Documents/GitHub/FPGA-VGA-Tile-Renderer/constraints/basys3.xdc:59]
CRITICAL WARNING: [Common 17-55] 'set_property' expects at least one object. [/home/adyn/Documents/GitHub/FPGA-VGA-Tile-Renderer/constraints/basys3.xdc:59]
Resolution: If [get_<value>] was used to populate the object, check to make sure this command returns at least one valid object.
WARNING: [Vivado 12-584] No ports matched 'LED[9]'. [/home/adyn/Documents/GitHub/FPGA-VGA-Tile-Renderer/constraints/basys3.xdc:60]
CRITICAL WARNING: [Common 17-55] 'set_property' expects at least one object. [/home/adyn/Documents/GitHub/FPGA-VGA-Tile-Renderer/constraints/basys3.xdc:60]
Resolution: If [get_<value>] was used to populate the object, check to make sure this command returns at least one valid object.
WARNING: [Vivado 12-584] No ports matched 'LED[9]'. [/home/adyn/Documents/GitHub/FPGA-VGA-Tile-Renderer/constraints/basys3.xdc:61]
CRITICAL WARNING: [Common 17-55] 'set_property' expects at least one object. [/home/adyn/Documents/GitHub/FPGA-VGA-Tile-Renderer/constraints/basys3.xdc:61]
Resolution: If [get_<value>] was used to populate the object, check to make sure this command returns at least one valid object.
WARNING: [Vivado 12-584] No ports matched 'LED[10]'. [/home/adyn/Documents/GitHub/FPGA-VGA-Tile-Renderer/constraints/basys3.xdc:62]
CRITICAL WARNING: [Common 17-55] 'set_property' expects at least one object. [/home/adyn/Documents/GitHub/FPGA-VGA-Tile-Renderer/constraints/basys3.xdc:62]
Resolution: If [get_<value>] was used to populate the object, check to make sure this command returns at least one valid object.
WARNING: [Vivado 12-584] No ports matched 'LED[10]'. [/home/adyn/Documents/GitHub/FPGA-VGA-Tile-Renderer/constraints/basys3.xdc:63]
CRITICAL WARNING: [Common 17-55] 'set_property' expects at least one object. [/home/adyn/Documents/GitHub/FPGA-VGA-Tile-Renderer/constraints/basys3.xdc:63]
Resolution: If [get_<value>] was used to populate the object, check to make sure this command returns at least one valid object.
WARNING: [Vivado 12-584] No ports matched 'LED[11]'. [/home/adyn/Documents/GitHub/FPGA-VGA-Tile-Renderer/constraints/basys3.xdc:64]
CRITICAL WARNING: [Common 17-55] 'set_property' expects at least one object. [/home/adyn/Documents/GitHub/FPGA-VGA-Tile-Renderer/constraints/basys3.xdc:64]
Resolution: If [get_<value>] was used to populate the object, check to make sure this command returns at least one valid object.
WARNING: [Vivado 12-584] No ports matched 'LED[11]'. [/home/adyn/Documents/GitHub/FPGA-VGA-Tile-Renderer/constraints/basys3.xdc:65]
CRITICAL WARNING: [Common 17-55] 'set_property' expects at least one object. [/home/adyn/Documents/GitHub/FPGA-VGA-Tile-Renderer/constraints/basys3.xdc:65]
Resolution: If [get_<value>] was used to populate the object, check to make sure this command returns at least one valid object.
WARNING: [Vivado 12-584] No ports matched 'LED[12]'. [/home/adyn/Documents/GitHub/FPGA-VGA-Tile-Renderer/constraints/basys3.xdc:66]
CRITICAL WARNING: [Common 17-55] 'set_property' expects at least one object. [/home/adyn/Documents/GitHub/FPGA-VGA-Tile-Renderer/constraints/basys3.xdc:66]
Resolution: If [get_<value>] was used to populate the object, check to make sure this command returns at least one valid object.
WARNING: [Vivado 12-584] No ports matched 'LED[12]'. [/home/adyn/Documents/GitHub/FPGA-VGA-Tile-Renderer/constraints/basys3.xdc:67]
CRITICAL WARNING: [Common 17-55] 'set_property' expects at least one object. [/home/adyn/Documents/GitHub/FPGA-VGA-Tile-Renderer/constraints/basys3.xdc:67]
Resolution: If [get_<value>] was used to populate the object, check to make sure this command returns at least one valid object.
WARNING: [Vivado 12-584] No ports matched 'LED[13]'. [/home/adyn/Documents/GitHub/FPGA-VGA-Tile-Renderer/constraints/basys3.xdc:68]
CRITICAL WARNING: [Common 17-55] 'set_property' expects at least one object. [/home/adyn/Documents/GitHub/FPGA-VGA-Tile-Renderer/constraints/basys3.xdc:68]
Resolution: If [get_<value>] was used to populate the object, check to make sure this command returns at least one valid object.
WARNING: [Vivado 12-584] No ports matched 'LED[13]'. [/home/adyn/Documents/GitHub/FPGA-VGA-Tile-Renderer/constraints/basys3.xdc:69]
CRITICAL WARNING: [Common 17-55] 'set_property' expects at least one object. [/home/adyn/Documents/GitHub/FPGA-VGA-Tile-Renderer/constraints/basys3.xdc:69]
Resolution: If [get_<value>] was used to populate the object, check to make sure this command returns at least one valid object.
WARNING: [Vivado 12-584] No ports matched 'LED[14]'. [/home/adyn/Documents/GitHub/FPGA-VGA-Tile-Renderer/constraints/basys3.xdc:70]
CRITICAL WARNING: [Common 17-55] 'set_property' expects at least one object. [/home/adyn/Documents/GitHub/FPGA-VGA-Tile-Renderer/constraints/basys3.xdc:70]
Resolution: If [get_<value>] was used to populate the object, check to make sure this command returns at least one valid object.
WARNING: [Vivado 12-584] No ports matched 'LED[14]'. [/home/adyn/Documents/GitHub/FPGA-VGA-Tile-Renderer/constraints/basys3.xdc:71]
CRITICAL WARNING: [Common 17-55] 'set_property' expects at least one object. [/home/adyn/Documents/GitHub/FPGA-VGA-Tile-Renderer/constraints/basys3.xdc:71]
Resolution: If [get_<value>] was used to populate the object, check to make sure this command returns at least one valid object.
WARNING: [Vivado 12-584] No ports matched 'LED[15]'. [/home/adyn/Documents/GitHub/FPGA-VGA-Tile-Renderer/constraints/basys3.xdc:72]
CRITICAL WARNING: [Common 17-55] 'set_property' expects at least one object. [/home/adyn/Documents/GitHub/FPGA-VGA-Tile-Renderer/constraints/basys3.xdc:72]
Resolution: If [get_<value>] was used to populate the object, check to make sure this command returns at least one valid object.
WARNING: [Vivado 12-584] No ports matched 'LED[15]'. [/home/adyn/Documents/GitHub/FPGA-VGA-Tile-Renderer/constraints/basys3.xdc:73]
CRITICAL WARNING: [Common 17-55] 'set_property' expects at least one object. [/home/adyn/Documents/GitHub/FPGA-VGA-Tile-Renderer/constraints/basys3.xdc:73]
Resolution: If [get_<value>] was used to populate the object, check to make sure this command returns at least one valid object.
WARNING: [Vivado 12-584] No ports matched 'SEGMENT[0]'. [/home/adyn/Documents/GitHub/FPGA-VGA-Tile-Renderer/constraints/basys3.xdc:77]
CRITICAL WARNING: [Common 17-55] 'set_property' expects at least one object. [/home/adyn/Documents/GitHub/FPGA-VGA-Tile-Renderer/constraints/basys3.xdc:77]
Resolution: If [get_<value>] was used to populate the object, check to make sure this command returns at least one valid object.
WARNING: [Vivado 12-584] No ports matched 'SEGMENT[0]'. [/home/adyn/Documents/GitHub/FPGA-VGA-Tile-Renderer/constraints/basys3.xdc:78]
CRITICAL WARNING: [Common 17-55] 'set_property' expects at least one object. [/home/adyn/Documents/GitHub/FPGA-VGA-Tile-Renderer/constraints/basys3.xdc:78]
Resolution: If [get_<value>] was used to populate the object, check to make sure this command returns at least one valid object.
WARNING: [Vivado 12-584] No ports matched 'SEGMENT[1]'. [/home/adyn/Documents/GitHub/FPGA-VGA-Tile-Renderer/constraints/basys3.xdc:79]
CRITICAL WARNING: [Common 17-55] 'set_property' expects at least one object. [/home/adyn/Documents/GitHub/FPGA-VGA-Tile-Renderer/constraints/basys3.xdc:79]
Resolution: If [get_<value>] was used to populate the object, check to make sure this command returns at least one valid object.
WARNING: [Vivado 12-584] No ports matched 'SEGMENT[1]'. [/home/adyn/Documents/GitHub/FPGA-VGA-Tile-Renderer/constraints/basys3.xdc:80]
CRITICAL WARNING: [Common 17-55] 'set_property' expects at least one object. [/home/adyn/Documents/GitHub/FPGA-VGA-Tile-Renderer/constraints/basys3.xdc:80]
Resolution: If [get_<value>] was used to populate the object, check to make sure this command returns at least one valid object.
WARNING: [Vivado 12-584] No ports matched 'SEGMENT[2]'. [/home/adyn/Documents/GitHub/FPGA-VGA-Tile-Renderer/constraints/basys3.xdc:81]
CRITICAL WARNING: [Common 17-55] 'set_property' expects at least one object. [/home/adyn/Documents/GitHub/FPGA-VGA-Tile-Renderer/constraints/basys3.xdc:81]
Resolution: If [get_<value>] was used to populate the object, check to make sure this command returns at least one valid object.
WARNING: [Vivado 12-584] No ports matched 'SEGMENT[2]'. [/home/adyn/Documents/GitHub/FPGA-VGA-Tile-Renderer/constraints/basys3.xdc:82]
CRITICAL WARNING: [Common 17-55] 'set_property' expects at least one object. [/home/adyn/Documents/GitHub/FPGA-VGA-Tile-Renderer/constraints/basys3.xdc:82]
Resolution: If [get_<value>] was used to populate the object, check to make sure this command returns at least one valid object.
WARNING: [Vivado 12-584] No ports matched 'SEGMENT[3]'. [/home/adyn/Documents/GitHub/FPGA-VGA-Tile-Renderer/constraints/basys3.xdc:83]
CRITICAL WARNING: [Common 17-55] 'set_property' expects at least one object. [/home/adyn/Documents/GitHub/FPGA-VGA-Tile-Renderer/constraints/basys3.xdc:83]
Resolution: If [get_<value>] was used to populate the object, check to make sure this command returns at least one valid object.
WARNING: [Vivado 12-584] No ports matched 'SEGMENT[3]'. [/home/adyn/Documents/GitHub/FPGA-VGA-Tile-Renderer/constraints/basys3.xdc:84]
CRITICAL WARNING: [Common 17-55] 'set_property' expects at least one object. [/home/adyn/Documents/GitHub/FPGA-VGA-Tile-Renderer/constraints/basys3.xdc:84]
Resolution: If [get_<value>] was used to populate the object, check to make sure this command returns at least one valid object.
WARNING: [Vivado 12-584] No ports matched 'SEGMENT[4]'. [/home/adyn/Documents/GitHub/FPGA-VGA-Tile-Renderer/constraints/basys3.xdc:85]
CRITICAL WARNING: [Common 17-55] 'set_property' expects at least one object. [/home/adyn/Documents/GitHub/FPGA-VGA-Tile-Renderer/constraints/basys3.xdc:85]
Resolution: If [get_<value>] was used to populate the object, check to make sure this command returns at least one valid object.
WARNING: [Vivado 12-584] No ports matched 'SEGMENT[4]'. [/home/adyn/Documents/GitHub/FPGA-VGA-Tile-Renderer/constraints/basys3.xdc:86]
CRITICAL WARNING: [Common 17-55] 'set_property' expects at least one object. [/home/adyn/Documents/GitHub/FPGA-VGA-Tile-Renderer/constraints/basys3.xdc:86]
Resolution: If [get_<value>] was used to populate the object, check to make sure this command returns at least one valid object.
WARNING: [Vivado 12-584] No ports matched 'SEGMENT[5]'. [/home/adyn/Documents/GitHub/FPGA-VGA-Tile-Renderer/constraints/basys3.xdc:87]
CRITICAL WARNING: [Common 17-55] 'set_property' expects at least one object. [/home/adyn/Documents/GitHub/FPGA-VGA-Tile-Renderer/constraints/basys3.xdc:87]
Resolution: If [get_<value>] was used to populate the object, check to make sure this command returns at least one valid object.
WARNING: [Vivado 12-584] No ports matched 'SEGMENT[5]'. [/home/adyn/Documents/GitHub/FPGA-VGA-Tile-Renderer/constraints/basys3.xdc:88]
CRITICAL WARNING: [Common 17-55] 'set_property' expects at least one object. [/home/adyn/Documents/GitHub/FPGA-VGA-Tile-Renderer/constraints/basys3.xdc:88]
Resolution: If [get_<value>] was used to populate the object, check to make sure this command returns at least one valid object.
WARNING: [Vivado 12-584] No ports matched 'SEGMENT[6]'. [/home/adyn/Documents/GitHub/FPGA-VGA-Tile-Renderer/constraints/basys3.xdc:89]
CRITICAL WARNING: [Common 17-55] 'set_property' expects at least one object. [/home/adyn/Documents/GitHub/FPGA-VGA-Tile-Renderer/constraints/basys3.xdc:89]
Resolution: If [get_<value>] was used to populate the object, check to make sure this command returns at least one valid object.
WARNING: [Vivado 12-584] No ports matched 'SEGMENT[6]'. [/home/adyn/Documents/GitHub/FPGA-VGA-Tile-Renderer/constraints/basys3.xdc:90]
CRITICAL WARNING: [Common 17-55] 'set_property' expects at least one object. [/home/adyn/Documents/GitHub/FPGA-VGA-Tile-Renderer/constraints/basys3.xdc:90]
Resolution: If [get_<value>] was used to populate the object, check to make sure this command returns at least one valid object.
WARNING: [Vivado 12-584] No ports matched 'ANODE[0]'. [/home/adyn/Documents/GitHub/FPGA-VGA-Tile-Renderer/constraints/basys3.xdc:95]
CRITICAL WARNING: [Common 17-55] 'set_property' expects at least one object. [/home/adyn/Documents/GitHub/FPGA-VGA-Tile-Renderer/constraints/basys3.xdc:95]
Resolution: If [get_<value>] was used to populate the object, check to make sure this command returns at least one valid object.
WARNING: [Vivado 12-584] No ports matched 'ANODE[0]'. [/home/adyn/Documents/GitHub/FPGA-VGA-Tile-Renderer/constraints/basys3.xdc:96]
CRITICAL WARNING: [Common 17-55] 'set_property' expects at least one object. [/home/adyn/Documents/GitHub/FPGA-VGA-Tile-Renderer/constraints/basys3.xdc:96]
Resolution: If [get_<value>] was used to populate the object, check to make sure this command returns at least one valid object.
WARNING: [Vivado 12-584] No ports matched 'ANODE[1]'. [/home/adyn/Documents/GitHub/FPGA-VGA-Tile-Renderer/constraints/basys3.xdc:97]
CRITICAL WARNING: [Common 17-55] 'set_property' expects at least one object. [/home/adyn/Documents/GitHub/FPGA-VGA-Tile-Renderer/constraints/basys3.xdc:97]
Resolution: If [get_<value>] was used to populate the object, check to make sure this command returns at least one valid object.
WARNING: [Vivado 12-584] No ports matched 'ANODE[1]'. [/home/adyn/Documents/GitHub/FPGA-VGA-Tile-Renderer/constraints/basys3.xdc:98]
CRITICAL WARNING: [Common 17-55] 'set_property' expects at least one object. [/home/adyn/Documents/GitHub/FPGA-VGA-Tile-Renderer/constraints/basys3.xdc:98]
Resolution: If [get_<value>] was used to populate the object, check to make sure this command returns at least one valid object.
WARNING: [Vivado 12-584] No ports matched 'ANODE[2]'. [/home/adyn/Documents/GitHub/FPGA-VGA-Tile-Renderer/constraints/basys3.xdc:99]
CRITICAL WARNING: [Common 17-55] 'set_property' expects at least one object. [/home/adyn/Documents/GitHub/FPGA-VGA-Tile-Renderer/constraints/basys3.xdc:99]
Resolution: If [get_<value>] was used to populate the object, check to make sure this command returns at least one valid object.
WARNING: [Vivado 12-584] No ports matched 'ANODE[2]'. [/home/adyn/Documents/GitHub/FPGA-VGA-Tile-Renderer/constraints/basys3.xdc:100]
CRITICAL WARNING: [Common 17-55] 'set_property' expects at least one object. [/home/adyn/Documents/GitHub/FPGA-VGA-Tile-Renderer/constraints/basys3.xdc:100]
Resolution: If [get_<value>] was used to populate the object, check to make sure this command returns at least one valid object.
WARNING: [Vivado 12-584] No ports matched 'ANODE[3]'. [/home/adyn/Documents/GitHub/FPGA-VGA-Tile-Renderer/constraints/basys3.xdc:101]
CRITICAL WARNING: [Common 17-55] 'set_property' expects at least one object. [/home/adyn/Documents/GitHub/FPGA-VGA-Tile-Renderer/constraints/basys3.xdc:101]
Resolution: If [get_<value>] was used to populate the object, check to make sure this command returns at least one valid object.
WARNING: [Vivado 12-584] No ports matched 'ANODE[3]'. [/home/adyn/Documents/GitHub/FPGA-VGA-Tile-Renderer/constraints/basys3.xdc:102]
CRITICAL WARNING: [Common 17-55] 'set_property' expects at least one object. [/home/adyn/Documents/GitHub/FPGA-VGA-Tile-Renderer/constraints/basys3.xdc:102]
Resolution: If [get_<value>] was used to populate the object, check to make sure this command returns at least one valid object.
WARNING: [Vivado 12-584] No ports matched 'BTNU'. [/home/adyn/Documents/GitHub/FPGA-VGA-Tile-Renderer/constraints/basys3.xdc:108]
CRITICAL WARNING: [Common 17-55] 'set_property' expects at least one object. [/home/adyn/Documents/GitHub/FPGA-VGA-Tile-Renderer/constraints/basys3.xdc:108]
Resolution: If [get_<value>] was used to populate the object, check to make sure this command returns at least one valid object.
WARNING: [Vivado 12-584] No ports matched 'BTNU'. [/home/adyn/Documents/GitHub/FPGA-VGA-Tile-Renderer/constraints/basys3.xdc:109]
CRITICAL WARNING: [Common 17-55] 'set_property' expects at least one object. [/home/adyn/Documents/GitHub/FPGA-VGA-Tile-Renderer/constraints/basys3.xdc:109]
Resolution: If [get_<value>] was used to populate the object, check to make sure this command returns at least one valid object.
WARNING: [Vivado 12-584] No ports matched 'BTNL'. [/home/adyn/Documents/GitHub/FPGA-VGA-Tile-Renderer/constraints/basys3.xdc:110]
CRITICAL WARNING: [Common 17-55] 'set_property' expects at least one object. [/home/adyn/Documents/GitHub/FPGA-VGA-Tile-Renderer/constraints/basys3.xdc:110]
Resolution: If [get_<value>] was used to populate the object, check to make sure this command returns at least one valid object.
WARNING: [Vivado 12-584] No ports matched 'BTNL'. [/home/adyn/Documents/GitHub/FPGA-VGA-Tile-Renderer/constraints/basys3.xdc:111]
CRITICAL WARNING: [Common 17-55] 'set_property' expects at least one object. [/home/adyn/Documents/GitHub/FPGA-VGA-Tile-Renderer/constraints/basys3.xdc:111]
Resolution: If [get_<value>] was used to populate the object, check to make sure this command returns at least one valid object.
WARNING: [Vivado 12-584] No ports matched 'BTNR'. [/home/adyn/Documents/GitHub/FPGA-VGA-Tile-Renderer/constraints/basys3.xdc:112]
CRITICAL WARNING: [Common 17-55] 'set_property' expects at least one object. [/home/adyn/Documents/GitHub/FPGA-VGA-Tile-Renderer/constraints/basys3.xdc:112]
Resolution: If [get_<value>] was used to populate the object, check to make sure this command returns at least one valid object.
WARNING: [Vivado 12-584] No ports matched 'BTNR'. [/home/adyn/Documents/GitHub/FPGA-VGA-Tile-Renderer/constraints/basys3.xdc:113]
CRITICAL WARNING: [Common 17-55] 'set_property' expects at least one object. [/home/adyn/Documents/GitHub/FPGA-VGA-Tile-Renderer/constraints/basys3.xdc:113]
Resolution: If [get_<value>] was used to populate the object, check to make sure this command returns at least one valid object.
WARNING: [Vivado 12-584] No ports matched 'BTND'. [/home/adyn/Documents/GitHub/FPGA-VGA-Tile-Renderer/constraints/basys3.xdc:114]
CRITICAL WARNING: [Common 17-55] 'set_property' expects at least one object. [/home/adyn/Documents/GitHub/FPGA-VGA-Tile-Renderer/constraints/basys3.xdc:114]
Resolution: If [get_<value>] was used to populate the object, check to make sure this command returns at least one valid object.
WARNING: [Vivado 12-584] No ports matched 'BTND'. [/home/adyn/Documents/GitHub/FPGA-VGA-Tile-Renderer/constraints/basys3.xdc:115]
CRITICAL WARNING: [Common 17-55] 'set_property' expects at least one object. [/home/adyn/Documents/GitHub/FPGA-VGA-Tile-Renderer/constraints/basys3.xdc:115]
Resolution: If [get_<value>] was used to populate the object, check to make sure this command returns at least one valid object.
Finished Parsing XDC File [/home/adyn/Documents/GitHub/FPGA-VGA-Tile-Renderer/constraints/basys3.xdc]
INFO: [Opt 31-138] Pushed 0 inverter(s) to 0 load pin(s).
Netlist sorting complete. Time (s): cpu = 00:00:00 ; elapsed = 00:00:00 . Memory (MB): peak = 2056.691 ; gain = 0.000 ; free physical = 3649 ; free virtual = 17463
INFO: [Project 1-111] Unisim Transformation Summary:
No Unisim elements were transformed.

10 Infos, 92 Warnings, 92 Critical Warnings and 0 Errors encountered.
link_design completed successfully
link_design: Time (s): cpu = 00:00:10 ; elapsed = 00:00:11 . Memory (MB): peak = 2056.691 ; gain = 585.547 ; free physical = 3649 ; free virtual = 17463
Command: opt_design
Attempting to get a license for feature 'Implementation' and/or device 'xc7a35t'
INFO: [Common 17-349] Got license for feature 'Implementation' and/or device 'xc7a35t'
Running DRC as a precondition to command opt_design

Starting DRC Task
INFO: [DRC 23-27] Running DRC with 6 threads
INFO: [Project 1-461] DRC finished with 0 Errors
INFO: [Project 1-462] Please refer to the DRC report (report_drc) for more information.

Time (s): cpu = 00:00:02 ; elapsed = 00:00:00.63 . Memory (MB): peak = 2110.605 ; gain = 53.914 ; free physical = 3610 ; free virtual = 17425

Starting Cache Timing Information Task
INFO: [Timing 38-35] Done setting XDC timing constraints.
INFO: [Timing 38-2] Deriving generated clocks
Ending Cache Timing Information Task | Checksum: 156e317e6

Time (s): cpu = 00:00:00.01 ; elapsed = 00:00:00.01 . Memory (MB): peak = 2110.605 ; gain = 0.000 ; free physical = 3610 ; free virtual = 17425

Starting Logic Optimization Task

Phase 1 Initialization

Phase 1.1 Core Generation And Design Setup
Phase 1.1 Core Generation And Design Setup | Checksum: 156e317e6

Time (s): cpu = 00:00:00 ; elapsed = 00:00:00 . Memory (MB): peak = 2427.504 ; gain = 0.000 ; free physical = 3288 ; free virtual = 17103

Phase 1.2 Setup Constraints And Sort Netlist
Phase 1.2 Setup Constraints And Sort Netlist | Checksum: 156e317e6

Time (s): cpu = 00:00:00 ; elapsed = 00:00:00 . Memory (MB): peak = 2427.504 ; gain = 0.000 ; free physical = 3288 ; free virtual = 17103
Phase 1 Initialization | Checksum: 156e317e6

Time (s): cpu = 00:00:00 ; elapsed = 00:00:00 . Memory (MB): peak = 2427.504 ; gain = 0.000 ; free physical = 3288 ; free virtual = 17103

Phase 2 Timer Update And Timing Data Collection

Phase 2.1 Timer Update
Phase 2.1 Timer Update | Checksum: 156e317e6

Time (s): cpu = 00:00:00.01 ; elapsed = 00:00:00.01 . Memory (MB): peak = 2427.504 ; gain = 0.000 ; free physical = 3288 ; free virtual = 17103

Phase 2.2 Timing Data Collection
Phase 2.2 Timing Data Collection | Checksum: 156e317e6

Time (s): cpu = 00:00:00.01 ; elapsed = 00:00:00.01 . Memory (MB): peak = 2427.504 ; gain = 0.000 ; free physical = 3288 ; free virtual = 17103
Phase 2 Timer Update And Timing Data Collection | Checksum: 156e317e6

Time (s): cpu = 00:00:00.01 ; elapsed = 00:00:00.01 . Memory (MB): peak = 2427.504 ; gain = 0.000 ; free physical = 3288 ; free virtual = 17103

Phase 3 Retarget
INFO: [Opt 31-1851] Number of loadless carry chains removed were: 0
INFO: [Opt 31-1834] Total Chains To Be Transformed Were: 0 AND Number of Transformed insts Created are: 0
INFO: [Opt 31-138] Pushed 0 inverter(s) to 0 load pin(s).
INFO: [Opt 31-49] Retargeted 0 cell(s).
Phase 3 Retarget | Checksum: 156e317e6

Time (s): cpu = 00:00:00.01 ; elapsed = 00:00:00.02 . Memory (MB): peak = 2427.504 ; gain = 0.000 ; free physical = 3288 ; free virtual = 17103
Retarget | Checksum: 156e317e6
INFO: [Opt 31-389] Phase Retarget created 0 cells and removed 0 cells
INFO: [Opt 31-1021] In phase Retarget, 1 netlist objects are constrained preventing optimization. Please run opt_design with -debug_log to get more detail. 

Phase 4 Constant propagation
INFO: [Opt 31-138] Pushed 0 inverter(s) to 0 load pin(s).
Phase 4 Constant propagation | Checksum: 156e317e6

Time (s): cpu = 00:00:00.02 ; elapsed = 00:00:00.02 . Memory (MB): peak = 2427.504 ; gain = 0.000 ; free physical = 3288 ; free virtual = 17103
Constant propagation | Checksum: 156e317e6
INFO: [Opt 31-389] Phase Constant propagation created 0 cells and removed 0 cells

Phase 5 Sweep
INFO: [Constraints 18-11670] Building netlist checker database with flags, 0x8
Done building netlist checker database: Time (s): cpu = 00:00:00 ; elapsed = 00:00:00 . Memory (MB): peak = 2427.504 ; gain = 0.000 ; free physical = 3288 ; free virtual = 17103
INFO: [Constraints 18-11670] Building netlist checker database with flags, 0x8
Done building netlist checker database: Time (s): cpu = 00:00:00 ; elapsed = 00:00:00 . Memory (MB): peak = 2427.504 ; gain = 0.000 ; free physical = 3288 ; free virtual = 17103
Phase 5 Sweep | Checksum: 11742cd8c

Time (s): cpu = 00:00:00.02 ; elapsed = 00:00:00.03 . Memory (MB): peak = 2427.504 ; gain = 0.000 ; free physical = 3288 ; free virtual = 17103
Sweep | Checksum: 11742cd8c
INFO: [Opt 31-389] Phase Sweep created 0 cells and removed 0 cells

Phase 6 BUFG optimization
Phase 6 BUFG optimization | Checksum: 11742cd8c

Time (s): cpu = 00:00:00.03 ; elapsed = 00:00:00.03 . Memory (MB): peak = 2459.520 ; gain = 32.016 ; free physical = 3288 ; free virtual = 17103
BUFG optimization | Checksum: 11742cd8c
INFO: [Opt 31-662] Phase BUFG optimization created 0 cells of which 0 are BUFGs and removed 0 cells.

Phase 7 Shift Register Optimization
INFO: [Opt 31-1064] SRL Remap converted 0 SRLs to 0 registers and converted 0 registers of register chains to 0 SRLs
Phase 7 Shift Register Optimization | Checksum: 11742cd8c

Time (s): cpu = 00:00:00.03 ; elapsed = 00:00:00.03 . Memory (MB): peak = 2459.520 ; gain = 32.016 ; free physical = 3288 ; free virtual = 17103
Shift Register Optimization | Checksum: 11742cd8c
INFO: [Opt 31-389] Phase Shift Register Optimization created 0 cells and removed 0 cells

Phase 8 Post Processing Netlist
Phase 8 Post Processing Netlist | Checksum: 11742cd8c

Time (s): cpu = 00:00:00.03 ; elapsed = 00:00:00.04 . Memory (MB): peak = 2459.520 ; gain = 32.016 ; free physical = 3288 ; free virtual = 17103
Post Processing Netlist | Checksum: 11742cd8c
INFO: [Opt 31-389] Phase Post Processing Netlist created 0 cells and removed 0 cells

Phase 9 Finalization

Phase 9.1 Finalizing Design Cores and Updating Shapes
Phase 9.1 Finalizing Design Cores and Updating Shapes | Checksum: 146e5b311

Time (s): cpu = 00:00:00.04 ; elapsed = 00:00:00.04 . Memory (MB): peak = 2459.520 ; gain = 32.016 ; free physical = 3288 ; free virtual = 17103

Phase 9.2 Verifying Netlist Connectivity

Starting Connectivity Check Task

Time (s): cpu = 00:00:00 ; elapsed = 00:00:00 . Memory (MB): peak = 2459.520 ; gain = 0.000 ; free physical = 3288 ; free virtual = 17103
Phase 9.2 Verifying Netlist Connectivity | Checksum: 146e5b311

Time (s): cpu = 00:00:00.04 ; elapsed = 00:00:00.04 . Memory (MB): peak = 2459.520 ; gain = 32.016 ; free physical = 3288 ; free virtual = 17103
Phase 9 Finalization | Checksum: 146e5b311

Time (s): cpu = 00:00:00.04 ; elapsed = 00:00:00.04 . Memory (MB): peak = 2459.520 ; gain = 32.016 ; free physical = 3288 ; free virtual = 17103
Opt_design Change Summary
=========================


-------------------------------------------------------------------------------------------------------------------------
|  Phase                        |  #Cells created  |  #Cells Removed  |  #Constrained objects preventing optimizations  |
-------------------------------------------------------------------------------------------------------------------------
|  Retarget                     |               0  |               0  |                                              1  |
|  Constant propagation         |               0  |               0  |                                              0  |
|  Sweep                        |               0  |               0  |                                              0  |
|  BUFG optimization            |               0  |               0  |                                              0  |
|  Shift Register Optimization  |               0  |               0  |                                              0  |
|  Post Processing Netlist      |               0  |               0  |                                              0  |
-------------------------------------------------------------------------------------------------------------------------


Ending Logic Optimization Task | Checksum: 146e5b311

Time (s): cpu = 00:00:00.04 ; elapsed = 00:00:00.05 . Memory (MB): peak = 2459.520 ; gain = 32.016 ; free physical = 3288 ; free virtual = 17103

Starting Power Optimization Task
INFO: [Pwropt 34-132] Skipping clock gating for clocks with a period < 2.00 ns.
Ending Power Optimization Task | Checksum: 146e5b311

Time (s): cpu = 00:00:00 ; elapsed = 00:00:00 . Memory (MB): peak = 2459.520 ; gain = 0.000 ; free physical = 3288 ; free virtual = 17103

Starting Final Cleanup Task
Ending Final Cleanup Task | Checksum: 146e5b311

Time (s): cpu = 00:00:00 ; elapsed = 00:00:00 . Memory (MB): peak = 2459.520 ; gain = 0.000 ; free physical = 3288 ; free virtual = 17103

Starting Netlist Obfuscation Task
Netlist sorting complete. Time (s): cpu = 00:00:00 ; elapsed = 00:00:00 . Memory (MB): peak = 2459.520 ; gain = 0.000 ; free physical = 3288 ; free virtual = 17103
Ending Netlist Obfuscation Task | Checksum: 146e5b311

Time (s): cpu = 00:00:00 ; elapsed = 00:00:00 . Memory (MB): peak = 2459.520 ; gain = 0.000 ; free physical = 3288 ; free virtual = 17103
INFO: [Common 17-83] Releasing license: Implementation
33 Infos, 92 Warnings, 92 Critical Warnings and 0 Errors encountered.
opt_design completed successfully
INFO: [Vivado 12-24828] Executing command : report_drc -file Tile_Generator_TopLevel_drc_opted.rpt -pb Tile_Generator_TopLevel_drc_opted.pb -rpx Tile_Generator_TopLevel_drc_opted.rpx
Command: report_drc -file Tile_Generator_TopLevel_drc_opted.rpt -pb Tile_Generator_TopLevel_drc_opted.pb -rpx Tile_Generator_TopLevel_drc_opted.rpx
INFO: [IP_Flow 19-1839] IP Catalog is up to date.
INFO: [DRC 23-27] Running DRC with 6 threads
INFO: [Vivado_Tcl 2-168] The results of DRC are in file /home/adyn/Documents/GitHub/FPGA-VGA-Tile-Renderer/vivado_project/vivado_project.runs/impl_1/Tile_Generator_TopLevel_drc_opted.rpt.
report_drc completed successfully
INFO: [Timing 38-480] Writing timing data to binary archive.
Write ShapeDB Complete: Time (s): cpu = 00:00:00 ; elapsed = 00:00:00 . Memory (MB): peak = 2479.332 ; gain = 0.000 ; free physical = 3268 ; free virtual = 17083
Wrote PlaceDB: Time (s): cpu = 00:00:00 ; elapsed = 00:00:00 . Memory (MB): peak = 2479.332 ; gain = 0.000 ; free physical = 3268 ; free virtual = 17083
Wrote PulsedLatchDB: Time (s): cpu = 00:00:00 ; elapsed = 00:00:00 . Memory (MB): peak = 2479.332 ; gain = 0.000 ; free physical = 3268 ; free virtual = 17083
Writing XDEF routing.
Writing XDEF routing logical nets.
Writing XDEF routing special nets.
Wrote RouteStorage: Time (s): cpu = 00:00:00.03 ; elapsed = 00:00:00.02 . Memory (MB): peak = 2479.332 ; gain = 0.000 ; free physical = 3268 ; free virtual = 17083
Wrote Netlist Cache: Time (s): cpu = 00:00:00 ; elapsed = 00:00:00 . Memory (MB): peak = 2479.332 ; gain = 0.000 ; free physical = 3268 ; free virtual = 17083
Wrote Device Cache: Time (s): cpu = 00:00:00.01 ; elapsed = 00:00:00 . Memory (MB): peak = 2479.332 ; gain = 0.000 ; free physical = 3267 ; free virtual = 17083
Write Physdb Complete: Time (s): cpu = 00:00:00.05 ; elapsed = 00:00:00.02 . Memory (MB): peak = 2479.332 ; gain = 0.000 ; free physical = 3267 ; free virtual = 17083
INFO: [Common 17-1381] The checkpoint '/home/adyn/Documents/GitHub/FPGA-VGA-Tile-Renderer/vivado_project/vivado_project.runs/impl_1/Tile_Generator_TopLevel_opt.dcp' has been generated.
Command: place_design
Attempting to get a license for feature 'Implementation' and/or device 'xc7a35t'
INFO: [Common 17-349] Got license for feature 'Implementation' and/or device 'xc7a35t'
INFO: [Common 17-83] Releasing license: Implementation
INFO: [DRC 23-27] Running DRC with 6 threads
INFO: [Vivado_Tcl 4-198] DRC finished with 0 Errors
INFO: [Vivado_Tcl 4-199] Please refer to the DRC report (report_drc) for more information.
Running DRC as a precondition to command place_design
INFO: [DRC 23-27] Running DRC with 6 threads
INFO: [Vivado_Tcl 4-198] DRC finished with 0 Errors
INFO: [Vivado_Tcl 4-199] Please refer to the DRC report (report_drc) for more information.
INFO: [Place 30-611] Multithreading enabled for place_design using a maximum of 6 CPUs

Starting Placer Task

Phase 1 Placer Initialization

Phase 1.1 Placer Initialization Netlist Sorting
Netlist sorting complete. Time (s): cpu = 00:00:00 ; elapsed = 00:00:00 . Memory (MB): peak = 2503.180 ; gain = 0.000 ; free physical = 3245 ; free virtual = 17060
Phase 1.1 Placer Initialization Netlist Sorting | Checksum: 13280dd71

Time (s): cpu = 00:00:00 ; elapsed = 00:00:00 . Memory (MB): peak = 2503.180 ; gain = 0.000 ; free physical = 3245 ; free virtual = 17060
Netlist sorting complete. Time (s): cpu = 00:00:00 ; elapsed = 00:00:00 . Memory (MB): peak = 2503.180 ; gain = 0.000 ; free physical = 3245 ; free virtual = 17060

Phase 1.2 IO Placement/ Clock Placement/ Build Placer Device
INFO: [Timing 38-35] Done setting XDC timing constraints.
Phase 1.2 IO Placement/ Clock Placement/ Build Placer Device | Checksum: 227d99599

Time (s): cpu = 00:00:00.2 ; elapsed = 00:00:00.12 . Memory (MB): peak = 2519.188 ; gain = 16.008 ; free physical = 3239 ; free virtual = 17054

Phase 1.3 Build Placer Netlist Model
Phase 1.3 Build Placer Netlist Model | Checksum: 2894a27a7

Time (s): cpu = 00:00:00.34 ; elapsed = 00:00:00.22 . Memory (MB): peak = 2551.203 ; gain = 48.023 ; free physical = 3239 ; free virtual = 17054

Phase 1.4 Constrain Clocks/Macros
Phase 1.4 Constrain Clocks/Macros | Checksum: 2894a27a7

Time (s): cpu = 00:00:00.35 ; elapsed = 00:00:00.22 . Memory (MB): peak = 2551.203 ; gain = 48.023 ; free physical = 3239 ; free virtual = 17054
Phase 1 Placer Initialization | Checksum: 2894a27a7

Time (s): cpu = 00:00:00.35 ; elapsed = 00:00:00.23 . Memory (MB): peak = 2551.203 ; gain = 48.023 ; free physical = 3239 ; free virtual = 17054

Phase 2 Global Placement

Phase 2.1 Floorplanning
Phase 2.1 Floorplanning | Checksum: 238617706

Time (s): cpu = 00:00:00.39 ; elapsed = 00:00:00.25 . Memory (MB): peak = 2551.203 ; gain = 48.023 ; free physical = 3239 ; free virtual = 17054

Phase 2.2 Update Timing before SLR Path Opt
Phase 2.2 Update Timing before SLR Path Opt | Checksum: 2487957ac

Time (s): cpu = 00:00:00.41 ; elapsed = 00:00:00.26 . Memory (MB): peak = 2551.203 ; gain = 48.023 ; free physical = 3239 ; free virtual = 17054

Phase 2.3 Post-Processing in Floorplanning
Phase 2.3 Post-Processing in Floorplanning | Checksum: 2487957ac

Time (s): cpu = 00:00:00.41 ; elapsed = 00:00:00.26 . Memory (MB): peak = 2551.203 ; gain = 48.023 ; free physical = 3239 ; free virtual = 17054

Phase 2.4 Global Place Phase1
Phase 2.4 Global Place Phase1 | Checksum: 229ecbf5d

Time (s): cpu = 00:00:00.65 ; elapsed = 00:00:00.37 . Memory (MB): peak = 2551.203 ; gain = 48.023 ; free physical = 3239 ; free virtual = 17054

Phase 2.5 Global Place Phase2

Phase 2.5.1 UpdateTiming Before Physical Synthesis
Phase 2.5.1 UpdateTiming Before Physical Synthesis | Checksum: 308bf9d8d

Time (s): cpu = 00:00:00.67 ; elapsed = 00:00:00.39 . Memory (MB): peak = 2551.203 ; gain = 48.023 ; free physical = 3239 ; free virtual = 17054

Phase 2.5.2 Physical Synthesis In Placer
INFO: [Physopt 32-1044] Break lutnm for timing: one critical 0, two critical 0, total 0, new lutff created 0
INFO: [Physopt 32-1138] End 1 Pass. Optimized 0 net or LUT. Breaked 0 LUT, combined 0 existing LUT and moved 0 existing LUT
INFO: [Physopt 32-65] No nets found for high-fanout optimization.
INFO: [Physopt 32-232] Optimized 0 net. Created 0 new instance.
INFO: [Physopt 32-775] End 1 Pass. Optimized 0 net or cell. Created 0 new cell, deleted 0 existing cell and moved 0 existing cell
INFO: [Physopt 32-670] No setup violation found.  DSP Register Optimization was not performed.
INFO: [Physopt 32-670] No setup violation found.  Shift Register to Pipeline Optimization was not performed.
INFO: [Physopt 32-670] No setup violation found.  Shift Register Optimization was not performed.
INFO: [Physopt 32-670] No setup violation found.  BRAM Register Optimization was not performed.
INFO: [Physopt 32-670] No setup violation found.  URAM Register Optimization was not performed.
INFO: [Physopt 32-949] No candidate nets found for dynamic/static region interface net replication
INFO: [Physopt 32-775] End 1 Pass. Optimized 0 net or cell. Created 0 new cell, deleted 0 existing cell and moved 0 existing cell
Netlist sorting complete. Time (s): cpu = 00:00:00 ; elapsed = 00:00:00 . Memory (MB): peak = 2551.203 ; gain = 0.000 ; free physical = 3239 ; free virtual = 17054

Summary of Physical Synthesis Optimizations
============================================


-----------------------------------------------------------------------------------------------------------------------------------------------------------
|  Optimization                                     |  Added Cells  |  Removed Cells  |  Optimized Cells/Nets  |  Dont Touch  |  Iterations  |  Elapsed   |
-----------------------------------------------------------------------------------------------------------------------------------------------------------
|  LUT Combining                                    |            0  |              0  |                     0  |           0  |           1  |  00:00:00  |
|  Retime                                           |            0  |              0  |                     0  |           0  |           1  |  00:00:00  |
|  Very High Fanout                                 |            0  |              0  |                     0  |           0  |           1  |  00:00:00  |
|  DSP Register                                     |            0  |              0  |                     0  |           0  |           0  |  00:00:00  |
|  Shift Register to Pipeline                       |            0  |              0  |                     0  |           0  |           0  |  00:00:00  |
|  Shift Register                                   |            0  |              0  |                     0  |           0  |           0  |  00:00:00  |
|  BRAM Register                                    |            0  |              0  |                     0  |           0  |           0  |  00:00:00  |
|  URAM Register                                    |            0  |              0  |                     0  |           0  |           0  |  00:00:00  |
|  Dynamic/Static Region Interface Net Replication  |            0  |              0  |                     0  |           0  |           1  |  00:00:00  |
|  Total                                            |            0  |              0  |                     0  |           0  |           4  |  00:00:00  |
-----------------------------------------------------------------------------------------------------------------------------------------------------------


Phase 2.5.2 Physical Synthesis In Placer | Checksum: 308bf9d8d

Time (s): cpu = 00:00:00.89 ; elapsed = 00:00:00.61 . Memory (MB): peak = 2551.203 ; gain = 48.023 ; free physical = 3239 ; free virtual = 17054
Phase 2.5 Global Place Phase2 | Checksum: 2c9609b17

Time (s): cpu = 00:00:01 ; elapsed = 00:00:00.66 . Memory (MB): peak = 2551.203 ; gain = 48.023 ; free physical = 3239 ; free virtual = 17054
Phase 2 Global Placement | Checksum: 2c9609b17

Time (s): cpu = 00:00:01 ; elapsed = 00:00:00.66 . Memory (MB): peak = 2551.203 ; gain = 48.023 ; free physical = 3239 ; free virtual = 17054

Phase 3 Detail Placement

Phase 3.1 Commit Multi Column Macros
Phase 3.1 Commit Multi Column Macros | Checksum: 2bccafec7

Time (s): cpu = 00:00:01 ; elapsed = 00:00:00.67 . Memory (MB): peak = 2551.203 ; gain = 48.023 ; free physical = 3239 ; free virtual = 17054

Phase 3.2 Commit Most Macros & LUTRAMs
Phase 3.2 Commit Most Macros & LUTRAMs | Checksum: 248f69c31

Time (s): cpu = 00:00:01 ; elapsed = 00:00:00.7 . Memory (MB): peak = 2551.203 ; gain = 48.023 ; free physical = 3239 ; free virtual = 17054

Phase 3.3 Area Swap Optimization
Phase 3.3 Area Swap Optimization | Checksum: 1ce8f5ca6

Time (s): cpu = 00:00:01 ; elapsed = 00:00:00.7 . Memory (MB): peak = 2551.203 ; gain = 48.023 ; free physical = 3239 ; free virtual = 17054

Phase 3.4 Pipeline Register Optimization
Phase 3.4 Pipeline Register Optimization | Checksum: 1ce8f5ca6

Time (s): cpu = 00:00:01 ; elapsed = 00:00:00.7 . Memory (MB): peak = 2551.203 ; gain = 48.023 ; free physical = 3239 ; free virtual = 17054

Phase 3.5 Small Shape Detail Placement
Phase 3.5 Small Shape Detail Placement | Checksum: 25b103095

Time (s): cpu = 00:00:01 ; elapsed = 00:00:00.76 . Memory (MB): peak = 2551.203 ; gain = 48.023 ; free physical = 3236 ; free virtual = 17052

Phase 3.6 Re-assign LUT pins
Phase 3.6 Re-assign LUT pins | Checksum: 224f7ce6e

Time (s): cpu = 00:00:01 ; elapsed = 00:00:00.77 . Memory (MB): peak = 2551.203 ; gain = 48.023 ; free physical = 3236 ; free virtual = 17052

Phase 3.7 Pipeline Register Optimization
Phase 3.7 Pipeline Register Optimization | Checksum: 224f7ce6e

Time (s): cpu = 00:00:01 ; elapsed = 00:00:00.77 . Memory (MB): peak = 2551.203 ; gain = 48.023 ; free physical = 3236 ; free virtual = 17052
Phase 3 Detail Placement | Checksum: 224f7ce6e

Time (s): cpu = 00:00:01 ; elapsed = 00:00:00.77 . Memory (MB): peak = 2551.203 ; gain = 48.023 ; free physical = 3236 ; free virtual = 17052

Phase 4 Post Placement Optimization and Clean-Up

Phase 4.1 Post Commit Optimization
INFO: [Timing 38-35] Done setting XDC timing constraints.

Phase 4.1.1 Post Placement Optimization
Post Placement Optimization Initialization | Checksum: 22df94f24

Phase 4.1.1.1 BUFG Insertion

Starting Physical Synthesis Task

Phase 1 Physical Synthesis Initialization
INFO: [Physopt 32-721] Multithreading enabled for phys_opt_design using a maximum of 6 CPUs
INFO: [Physopt 32-619] Estimated Timing Summary | WNS=35.692 | TNS=0.000 |
Phase 1 Physical Synthesis Initialization | Checksum: 15b140277

Time (s): cpu = 00:00:00.01 ; elapsed = 00:00:00.01 . Memory (MB): peak = 2551.203 ; gain = 0.000 ; free physical = 3236 ; free virtual = 17052
INFO: [Place 46-56] BUFG insertion identified 0 candidate nets. Inserted BUFG: 0, Replicated BUFG Driver: 0, Skipped due to Placement/Routing Conflicts: 0, Skipped due to Timing Degradation: 0, Skipped due to netlist editing failed: 0.
Ending Physical Synthesis Task | Checksum: 18d97e694

Time (s): cpu = 00:00:00.01 ; elapsed = 00:00:00.01 . Memory (MB): peak = 2551.203 ; gain = 0.000 ; free physical = 3236 ; free virtual = 17052
Phase 4.1.1.1 BUFG Insertion | Checksum: 22df94f24

Time (s): cpu = 00:00:01 ; elapsed = 00:00:00.84 . Memory (MB): peak = 2551.203 ; gain = 48.023 ; free physical = 3236 ; free virtual = 17052

Phase 4.1.1.2 Post Placement Timing Optimization
INFO: [Place 30-746] Post Placement Timing Summary WNS=35.692. For the most accurate timing information please run report_timing.
Phase 4.1.1.2 Post Placement Timing Optimization | Checksum: 1ec2f3338

Time (s): cpu = 00:00:01 ; elapsed = 00:00:00.84 . Memory (MB): peak = 2551.203 ; gain = 48.023 ; free physical = 3236 ; free virtual = 17052

Time (s): cpu = 00:00:01 ; elapsed = 00:00:00.84 . Memory (MB): peak = 2551.203 ; gain = 48.023 ; free physical = 3236 ; free virtual = 17052
Phase 4.1 Post Commit Optimization | Checksum: 1ec2f3338

Time (s): cpu = 00:00:01 ; elapsed = 00:00:00.84 . Memory (MB): peak = 2551.203 ; gain = 48.023 ; free physical = 3236 ; free virtual = 17052

Phase 4.2 Post Placement Cleanup
Phase 4.2 Post Placement Cleanup | Checksum: 1ec2f3338

Time (s): cpu = 00:00:01 ; elapsed = 00:00:00.85 . Memory (MB): peak = 2551.203 ; gain = 48.023 ; free physical = 3236 ; free virtual = 17052

Phase 4.3 Placer Reporting

Phase 4.3.1 Print Estimated Congestion
INFO: [Place 30-612] Post-Placement Estimated Congestion 
 ____________________________________________________
|           | Global Congestion | Short Congestion  |
| Direction | Region Size       | Region Size       |
|___________|___________________|___________________|
|      North|                1x1|                1x1|
|___________|___________________|___________________|
|      South|                1x1|                1x1|
|___________|___________________|___________________|
|       East|                1x1|                1x1|
|___________|___________________|___________________|
|       West|                1x1|                1x1|
|___________|___________________|___________________|

Phase 4.3.1 Print Estimated Congestion | Checksum: 1ec2f3338

Time (s): cpu = 00:00:01 ; elapsed = 00:00:00.85 . Memory (MB): peak = 2551.203 ; gain = 48.023 ; free physical = 3236 ; free virtual = 17052
Phase 4.3 Placer Reporting | Checksum: 1ec2f3338

Time (s): cpu = 00:00:01 ; elapsed = 00:00:00.85 . Memory (MB): peak = 2551.203 ; gain = 48.023 ; free physical = 3236 ; free virtual = 17052

Phase 4.4 Final Placement Cleanup
Netlist sorting complete. Time (s): cpu = 00:00:00 ; elapsed = 00:00:00 . Memory (MB): peak = 2551.203 ; gain = 0.000 ; free physical = 3236 ; free virtual = 17052

Time (s): cpu = 00:00:01 ; elapsed = 00:00:00.85 . Memory (MB): peak = 2551.203 ; gain = 48.023 ; free physical = 3236 ; free virtual = 17052
Phase 4 Post Placement Optimization and Clean-Up | Checksum: 1e744d09b

Time (s): cpu = 00:00:01 ; elapsed = 00:00:00.86 . Memory (MB): peak = 2551.203 ; gain = 48.023 ; free physical = 3236 ; free virtual = 17052
Ending Placer Task | Checksum: 17448ae57

Time (s): cpu = 00:00:01 ; elapsed = 00:00:00.86 . Memory (MB): peak = 2551.203 ; gain = 48.023 ; free physical = 3236 ; free virtual = 17052
67 Infos, 92 Warnings, 92 Critical Warnings and 0 Errors encountered.
place_design completed successfully
INFO: [Vivado 12-24838] Running report commands "report_control_sets, report_io, report_utilization" in parallel.
Running report generation with 3 threads.
INFO: [Vivado 12-24828] Executing command : report_utilization -file Tile_Generator_TopLevel_utilization_placed.rpt -pb Tile_Generator_TopLevel_utilization_placed.pb
INFO: [Vivado 12-24828] Executing command : report_control_sets -verbose -file Tile_Generator_TopLevel_control_sets_placed.rpt
report_control_sets: Time (s): cpu = 00:00:00.06 ; elapsed = 00:00:00.07 . Memory (MB): peak = 2551.203 ; gain = 0.000 ; free physical = 3222 ; free virtual = 17037
INFO: [Vivado 12-24828] Executing command : report_io -file Tile_Generator_TopLevel_io_placed.rpt
report_io: Time (s): cpu = 00:00:00.15 ; elapsed = 00:00:00.15 . Memory (MB): peak = 2551.203 ; gain = 0.000 ; free physical = 3220 ; free virtual = 17035
INFO: [Timing 38-480] Writing timing data to binary archive.
Write ShapeDB Complete: Time (s): cpu = 00:00:00 ; elapsed = 00:00:00 . Memory (MB): peak = 2551.203 ; gain = 0.000 ; free physical = 3220 ; free virtual = 17035
Wrote PlaceDB: Time (s): cpu = 00:00:00.01 ; elapsed = 00:00:00 . Memory (MB): peak = 2551.203 ; gain = 0.000 ; free physical = 3220 ; free virtual = 17035
Wrote PulsedLatchDB: Time (s): cpu = 00:00:00 ; elapsed = 00:00:00 . Memory (MB): peak = 2551.203 ; gain = 0.000 ; free physical = 3220 ; free virtual = 17035
Writing XDEF routing.
Writing XDEF routing logical nets.
Writing XDEF routing special nets.
Wrote RouteStorage: Time (s): cpu = 00:00:00.02 ; elapsed = 00:00:00.01 . Memory (MB): peak = 2551.203 ; gain = 0.000 ; free physical = 3220 ; free virtual = 17035
Wrote Netlist Cache: Time (s): cpu = 00:00:00 ; elapsed = 00:00:00 . Memory (MB): peak = 2551.203 ; gain = 0.000 ; free physical = 3220 ; free virtual = 17035
Wrote Device Cache: Time (s): cpu = 00:00:00.01 ; elapsed = 00:00:00.01 . Memory (MB): peak = 2551.203 ; gain = 0.000 ; free physical = 3220 ; free virtual = 17035
Write Physdb Complete: Time (s): cpu = 00:00:00.04 ; elapsed = 00:00:00.02 . Memory (MB): peak = 2551.203 ; gain = 0.000 ; free physical = 3220 ; free virtual = 17035
INFO: [Common 17-1381] The checkpoint '/home/adyn/Documents/GitHub/FPGA-VGA-Tile-Renderer/vivado_project/vivado_project.runs/impl_1/Tile_Generator_TopLevel_placed.dcp' has been generated.
Command: phys_opt_design
Attempting to get a license for feature 'Implementation' and/or device 'xc7a35t'
INFO: [Common 17-349] Got license for feature 'Implementation' and/or device 'xc7a35t'

Starting Initial Update Timing Task

Time (s): cpu = 00:00:00.04 ; elapsed = 00:00:00.02 . Memory (MB): peak = 2551.203 ; gain = 0.000 ; free physical = 3212 ; free virtual = 17027
INFO: [Vivado_Tcl 4-2279] Estimated Timing Summary | WNS= 35.692 | TNS= 0.000 | 
INFO: [Vivado_Tcl 4-383] Design worst setup slack (WNS) is greater than or equal to 0.000 ns. All physical synthesis setup optimizations will be skipped.
INFO: [Vivado_Tcl 4-232] No setup violation found. The netlist was not modified.
INFO: [Common 17-83] Releasing license: Implementation
78 Infos, 92 Warnings, 92 Critical Warnings and 0 Errors encountered.
phys_opt_design completed successfully
INFO: [Timing 38-480] Writing timing data to binary archive.
Write ShapeDB Complete: Time (s): cpu = 00:00:00 ; elapsed = 00:00:00 . Memory (MB): peak = 2551.203 ; gain = 0.000 ; free physical = 3212 ; free virtual = 17027
Wrote PlaceDB: Time (s): cpu = 00:00:00.01 ; elapsed = 00:00:00.01 . Memory (MB): peak = 2551.203 ; gain = 0.000 ; free physical = 3212 ; free virtual = 17027
Wrote PulsedLatchDB: Time (s): cpu = 00:00:00 ; elapsed = 00:00:00 . Memory (MB): peak = 2551.203 ; gain = 0.000 ; free physical = 3212 ; free virtual = 17027
Writing XDEF routing.
Writing XDEF routing logical nets.
Writing XDEF routing special nets.
Wrote RouteStorage: Time (s): cpu = 00:00:00.03 ; elapsed = 00:00:00.01 . Memory (MB): peak = 2551.203 ; gain = 0.000 ; free physical = 3211 ; free virtual = 17027
Wrote Netlist Cache: Time (s): cpu = 00:00:00 ; elapsed = 00:00:00 . Memory (MB): peak = 2551.203 ; gain = 0.000 ; free physical = 3211 ; free virtual = 17027
Wrote Device Cache: Time (s): cpu = 00:00:00 ; elapsed = 00:00:00.01 . Memory (MB): peak = 2551.203 ; gain = 0.000 ; free physical = 3211 ; free virtual = 17027
Write Physdb Complete: Time (s): cpu = 00:00:00.06 ; elapsed = 00:00:00.03 . Memory (MB): peak = 2551.203 ; gain = 0.000 ; free physical = 3211 ; free virtual = 17027
INFO: [Common 17-1381] The checkpoint '/home/adyn/Documents/GitHub/FPGA-VGA-Tile-Renderer/vivado_project/vivado_project.runs/impl_1/Tile_Generator_TopLevel_physopt.dcp' has been generated.
Command: route_design
Attempting to get a license for feature 'Implementation' and/or device 'xc7a35t'
INFO: [Common 17-349] Got license for feature 'Implementation' and/or device 'xc7a35t'


Starting Routing Task
INFO: [Route 35-254] Multithreading enabled for route_design using a maximum of 6 CPUs

Phase 1 Build RT Design
Checksum: PlaceDB: 46c8c5f6 ConstDB: 0 ShapeSum: 8cfe8c0a RouteDB: a0815c57
Post Restoration Checksum: NetGraph: cb0134d8 | NumContArr: d3302cde | Constraints: c2a8fa9d | Timing: c2a8fa9d
Phase 1 Build RT Design | Checksum: 3238356f0

Time (s): cpu = 00:00:17 ; elapsed = 00:00:15 . Memory (MB): peak = 2630.160 ; gain = 78.957 ; free physical = 3103 ; free virtual = 16918

Phase 2 Router Initialization

Phase 2.1 Fix Topology Constraints
Phase 2.1 Fix Topology Constraints | Checksum: 3238356f0

Time (s): cpu = 00:00:17 ; elapsed = 00:00:15 . Memory (MB): peak = 2630.160 ; gain = 78.957 ; free physical = 3103 ; free virtual = 16918

Phase 2.2 Pre Route Cleanup
Phase 2.2 Pre Route Cleanup | Checksum: 3238356f0

Time (s): cpu = 00:00:17 ; elapsed = 00:00:15 . Memory (MB): peak = 2630.160 ; gain = 78.957 ; free physical = 3103 ; free virtual = 16918
 Number of Nodes with overlaps = 0

Phase 2.3 Update Timing
Phase 2.3 Update Timing | Checksum: 21644ec1b

Time (s): cpu = 00:00:18 ; elapsed = 00:00:15 . Memory (MB): peak = 2661.223 ; gain = 110.020 ; free physical = 3087 ; free virtual = 16903
INFO: [Route 35-416] Intermediate Timing Summary | WNS=35.684 | TNS=0.000  | WHS=-0.231 | THS=-3.489 |


Router Utilization Summary
  Global Vertical Routing Utilization    = 0 %
  Global Horizontal Routing Utilization  = 0 %
  Routable Net Status*
  *Does not include unroutable nets such as driverless and loadless.
  Run report_route_status for detailed report.
  Number of Failed Nets               = 37
    (Failed Nets is the sum of unrouted and partially routed nets)
  Number of Unrouted Nets             = 37
  Number of Partially Routed Nets     = 0
  Number of Node Overlaps             = 0

Phase 2 Router Initialization | Checksum: 230e1119d

Time (s): cpu = 00:00:18 ; elapsed = 00:00:15 . Memory (MB): peak = 2661.223 ; gain = 110.020 ; free physical = 3084 ; free virtual = 16899

Phase 3 Global Routing
Phase 3 Global Routing | Checksum: 230e1119d

Time (s): cpu = 00:00:18 ; elapsed = 00:00:15 . Memory (MB): peak = 2661.223 ; gain = 110.020 ; free physical = 3084 ; free virtual = 16899

Phase 4 Initial Routing

Phase 4.1 Initial Net Routing Pass
Phase 4.1 Initial Net Routing Pass | Checksum: 12af59910

Time (s): cpu = 00:00:18 ; elapsed = 00:00:15 . Memory (MB): peak = 2661.223 ; gain = 110.020 ; free physical = 3084 ; free virtual = 16899
Phase 4 Initial Routing | Checksum: 12af59910

Time (s): cpu = 00:00:18 ; elapsed = 00:00:15 . Memory (MB): peak = 2661.223 ; gain = 110.020 ; free physical = 3084 ; free virtual = 16899

Phase 5 Rip-up And Reroute

Phase 5.1 Global Iteration 0
 Number of Nodes with overlaps = 0
INFO: [Route 35-416] Intermediate Timing Summary | WNS=35.203 | TNS=0.000  | WHS=N/A    | THS=N/A    |

Phase 5.1 Global Iteration 0 | Checksum: 25577054b

Time (s): cpu = 00:00:18 ; elapsed = 00:00:15 . Memory (MB): peak = 2661.223 ; gain = 110.020 ; free physical = 3088 ; free virtual = 16903
Phase 5 Rip-up And Reroute | Checksum: 25577054b

Time (s): cpu = 00:00:18 ; elapsed = 00:00:15 . Memory (MB): peak = 2661.223 ; gain = 110.020 ; free physical = 3088 ; free virtual = 16903

Phase 6 Delay and Skew Optimization

Phase 6.1 Delay CleanUp
Phase 6.1 Delay CleanUp | Checksum: 25577054b

Time (s): cpu = 00:00:18 ; elapsed = 00:00:15 . Memory (MB): peak = 2661.223 ; gain = 110.020 ; free physical = 3088 ; free virtual = 16903

Phase 6.2 Clock Skew Optimization
Phase 6.2 Clock Skew Optimization | Checksum: 25577054b

Time (s): cpu = 00:00:18 ; elapsed = 00:00:15 . Memory (MB): peak = 2661.223 ; gain = 110.020 ; free physical = 3088 ; free virtual = 16903
Phase 6 Delay and Skew Optimization | Checksum: 25577054b

Time (s): cpu = 00:00:18 ; elapsed = 00:00:15 . Memory (MB): peak = 2661.223 ; gain = 110.020 ; free physical = 3088 ; free virtual = 16903

Phase 7 Post Hold Fix

Phase 7.1 Hold Fix Iter
INFO: [Route 35-416] Intermediate Timing Summary | WNS=35.296 | TNS=0.000  | WHS=0.099  | THS=0.000  |

Phase 7.1 Hold Fix Iter | Checksum: 1f1a97d2b

Time (s): cpu = 00:00:18 ; elapsed = 00:00:15 . Memory (MB): peak = 2661.223 ; gain = 110.020 ; free physical = 3088 ; free virtual = 16903
Phase 7 Post Hold Fix | Checksum: 1f1a97d2b

Time (s): cpu = 00:00:18 ; elapsed = 00:00:15 . Memory (MB): peak = 2661.223 ; gain = 110.020 ; free physical = 3088 ; free virtual = 16903

Phase 8 Route finalize

Router Utilization Summary
  Global Vertical Routing Utilization    = 0.00438492 %
  Global Horizontal Routing Utilization  = 0.0104112 %
  Routable Net Status*
  *Does not include unroutable nets such as driverless and loadless.
  Run report_route_status for detailed report.
  Number of Failed Nets               = 0
    (Failed Nets is the sum of unrouted and partially routed nets)
  Number of Unrouted Nets             = 0
  Number of Partially Routed Nets     = 0
  Number of Node Overlaps             = 0

Phase 8 Route finalize | Checksum: 1f1a97d2b

Time (s): cpu = 00:00:18 ; elapsed = 00:00:15 . Memory (MB): peak = 2661.223 ; gain = 110.020 ; free physical = 3088 ; free virtual = 16903

Phase 9 Verifying routed nets

 Verification completed successfully
Phase 9 Verifying routed nets | Checksum: 1f1a97d2b

Time (s): cpu = 00:00:18 ; elapsed = 00:00:15 . Memory (MB): peak = 2661.223 ; gain = 110.020 ; free physical = 3088 ; free virtual = 16903

Phase 10 Depositing Routes
Phase 10 Depositing Routes | Checksum: 1fecc99d6

Time (s): cpu = 00:00:18 ; elapsed = 00:00:15 . Memory (MB): peak = 2661.223 ; gain = 110.020 ; free physical = 3088 ; free virtual = 16903

Phase 11 Post Process Routing
Phase 11 Post Process Routing | Checksum: 1fecc99d6

Time (s): cpu = 00:00:18 ; elapsed = 00:00:15 . Memory (MB): peak = 2661.223 ; gain = 110.020 ; free physical = 3088 ; free virtual = 16903

Phase 12 Post Router Timing
INFO: [Route 35-57] Estimated Timing Summary | WNS=35.296 | TNS=0.000  | WHS=0.099  | THS=0.000  |

INFO: [Route 35-327] The final timing numbers are based on the router estimated timing analysis. For a complete and accurate timing signoff, please run report_timing_summary.
Phase 12 Post Router Timing | Checksum: 1fecc99d6

Time (s): cpu = 00:00:18 ; elapsed = 00:00:15 . Memory (MB): peak = 2661.223 ; gain = 110.020 ; free physical = 3088 ; free virtual = 16903
Total Elapsed time in route_design: 15.45 secs

Phase 13 Post-Route Event Processing
Phase 13 Post-Route Event Processing | Checksum: 1f4281a12

Time (s): cpu = 00:00:18 ; elapsed = 00:00:15 . Memory (MB): peak = 2661.223 ; gain = 110.020 ; free physical = 3088 ; free virtual = 16903
INFO: [Route 35-16] Router Completed Successfully
Ending Routing Task | Checksum: 1f4281a12

Time (s): cpu = 00:00:18 ; elapsed = 00:00:15 . Memory (MB): peak = 2661.223 ; gain = 110.020 ; free physical = 3088 ; free virtual = 16903

Routing Is Done.
INFO: [Common 17-83] Releasing license: Implementation
89 Infos, 92 Warnings, 92 Critical Warnings and 0 Errors encountered.
route_design completed successfully
route_design: Time (s): cpu = 00:00:18 ; elapsed = 00:00:15 . Memory (MB): peak = 2661.223 ; gain = 110.020 ; free physical = 3088 ; free virtual = 16903
INFO: [Vivado 12-24828] Executing command : report_drc -file Tile_Generator_TopLevel_drc_routed.rpt -pb Tile_Generator_TopLevel_drc_routed.pb -rpx Tile_Generator_TopLevel_drc_routed.rpx
Command: report_drc -file Tile_Generator_TopLevel_drc_routed.rpt -pb Tile_Generator_TopLevel_drc_routed.pb -rpx Tile_Generator_TopLevel_drc_routed.rpx
INFO: [IP_Flow 19-1839] IP Catalog is up to date.
INFO: [DRC 23-27] Running DRC with 6 threads
INFO: [Vivado_Tcl 2-168] The results of DRC are in file /home/adyn/Documents/GitHub/FPGA-VGA-Tile-Renderer/vivado_project/vivado_project.runs/impl_1/Tile_Generator_TopLevel_drc_routed.rpt.
report_drc completed successfully
INFO: [Vivado 12-24828] Executing command : report_methodology -file Tile_Generator_TopLevel_methodology_drc_routed.rpt -pb Tile_Generator_TopLevel_methodology_drc_routed.pb -rpx Tile_Generator_TopLevel_methodology_drc_routed.rpx
Command: report_methodology -file Tile_Generator_TopLevel_methodology_drc_routed.rpt -pb Tile_Generator_TopLevel_methodology_drc_routed.pb -rpx Tile_Generator_TopLevel_methodology_drc_routed.rpx
INFO: [Timing 38-35] Done setting XDC timing constraints.
INFO: [DRC 23-133] Running Methodology with 6 threads
INFO: [Vivado_Tcl 2-1520] The results of Report Methodology are in file /home/adyn/Documents/GitHub/FPGA-VGA-Tile-Renderer/vivado_project/vivado_project.runs/impl_1/Tile_Generator_TopLevel_methodology_drc_routed.rpt.
report_methodology completed successfully
INFO: [Vivado 12-24828] Executing command : report_timing_summary -max_paths 10 -report_unconstrained -file Tile_Generator_TopLevel_timing_summary_routed.rpt -pb Tile_Generator_TopLevel_timing_summary_routed.pb -rpx Tile_Generator_TopLevel_timing_summary_routed.rpx -warn_on_violation 
INFO: [Timing 38-35] Done setting XDC timing constraints.
INFO: [Timing 38-91] UpdateTimingParams: Speed grade: -1, Delay Type: min_max.
INFO: [Timing 38-191] Multithreading enabled for timing update using a maximum of 6 CPUs
INFO: [Vivado 12-24838] Running report commands "report_bus_skew, report_incremental_reuse, report_route_status" in parallel.
Running report generation with 3 threads.
INFO: [Vivado 12-24828] Executing command : report_incremental_reuse -file Tile_Generator_TopLevel_incremental_reuse_routed.rpt
INFO: [Vivado_Tcl 4-1062] Incremental flow is disabled. No incremental reuse Info to report.
INFO: [Vivado 12-24828] Executing command : report_route_status -file Tile_Generator_TopLevel_route_status.rpt -pb Tile_Generator_TopLevel_route_status.pb
INFO: [Vivado 12-24828] Executing command : report_bus_skew -warn_on_violation -file Tile_Generator_TopLevel_bus_skew_routed.rpt -pb Tile_Generator_TopLevel_bus_skew_routed.pb -rpx Tile_Generator_TopLevel_bus_skew_routed.rpx
INFO: [Timing 38-91] UpdateTimingParams: Speed grade: -1, Delay Type: min_max.
INFO: [Timing 38-191] Multithreading enabled for timing update using a maximum of 6 CPUs
INFO: [Vivado 12-24828] Executing command : report_power -file Tile_Generator_TopLevel_power_routed.rpt -pb Tile_Generator_TopLevel_power_summary_routed.pb -rpx Tile_Generator_TopLevel_power_routed.rpx
Command: report_power -file Tile_Generator_TopLevel_power_routed.rpt -pb Tile_Generator_TopLevel_power_summary_routed.pb -rpx Tile_Generator_TopLevel_power_routed.rpx
Running Vector-less Activity Propagation...

Finished Running Vector-less Activity Propagation
109 Infos, 92 Warnings, 92 Critical Warnings and 0 Errors encountered.
report_power completed successfully
INFO: [Vivado 12-24828] Executing command : report_clock_utilization -file Tile_Generator_TopLevel_clock_utilization_routed.rpt
INFO: [Timing 38-480] Writing timing data to binary archive.
Write ShapeDB Complete: Time (s): cpu = 00:00:00 ; elapsed = 00:00:00 . Memory (MB): peak = 2766.582 ; gain = 0.000 ; free physical = 3016 ; free virtual = 16833
Wrote PlaceDB: Time (s): cpu = 00:00:00.01 ; elapsed = 00:00:00 . Memory (MB): peak = 2766.582 ; gain = 0.000 ; free physical = 3016 ; free virtual = 16833
Wrote PulsedLatchDB: Time (s): cpu = 00:00:00 ; elapsed = 00:00:00 . Memory (MB): peak = 2766.582 ; gain = 0.000 ; free physical = 3016 ; free virtual = 16833
Writing XDEF routing.
Writing XDEF routing logical nets.
Writing XDEF routing special nets.
Wrote RouteStorage: Time (s): cpu = 00:00:00.03 ; elapsed = 00:00:00.02 . Memory (MB): peak = 2766.582 ; gain = 0.000 ; free physical = 3016 ; free virtual = 16833
Wrote Netlist Cache: Time (s): cpu = 00:00:00 ; elapsed = 00:00:00 . Memory (MB): peak = 2766.582 ; gain = 0.000 ; free physical = 3016 ; free virtual = 16833
Wrote Device Cache: Time (s): cpu = 00:00:00 ; elapsed = 00:00:00 . Memory (MB): peak = 2766.582 ; gain = 0.000 ; free physical = 3016 ; free virtual = 16833
Write Physdb Complete: Time (s): cpu = 00:00:00.05 ; elapsed = 00:00:00.02 . Memory (MB): peak = 2766.582 ; gain = 0.000 ; free physical = 3016 ; free virtual = 16833
INFO: [Common 17-1381] The checkpoint '/home/adyn/Documents/GitHub/FPGA-VGA-Tile-Renderer/vivado_project/vivado_project.runs/impl_1/Tile_Generator_TopLevel_routed.dcp' has been generated.
Command: write_bitstream -force Tile_Generator_TopLevel.bit
Attempting to get a license for feature 'Implementation' and/or device 'xc7a35t'
INFO: [Common 17-349] Got license for feature 'Implementation' and/or device 'xc7a35t'
Running DRC as a precondition to command write_bitstream
INFO: [IP_Flow 19-1839] IP Catalog is up to date.
INFO: [DRC 23-27] Running DRC with 6 threads
INFO: [Vivado 12-3199] DRC finished with 0 Errors
INFO: [Vivado 12-3200] Please refer to the DRC report (report_drc) for more information.
INFO: [Designutils 20-2272] Running write_bitstream with 6 threads.
Loading data files...
Loading site data...
Loading route data...
Processing options...
Creating bitmap...
Creating bitstream...
Writing bitstream ./Tile_Generator_TopLevel.bit...
INFO: [Vivado 12-1842] Bitgen Completed Successfully.
INFO: [Project 1-1876] WebTalk data collection is mandatory when using a ULT device. To see the specific WebTalk data collected for your design, open the usage_statistics_webtalk.html or usage_statistics_webtalk.xml file in the implementation directory.
INFO: [Common 17-83] Releasing license: Implementation
121 Infos, 92 Warnings, 92 Critical Warnings and 0 Errors encountered.
write_bitstream completed successfully
write_bitstream: Time (s): cpu = 00:00:11 ; elapsed = 00:00:18 . Memory (MB): peak = 3043.316 ; gain = 224.695 ; free physical = 2691 ; free virtual = 16513
INFO: [Common 17-206] Exiting Vivado at Mon Jul  6 20:34:44 2026...
