
*** Running vivado
    with args -log clk_wiz_0.vds -m64 -product Vivado -mode batch -messageDb vivado.pb -notrace -source clk_wiz_0.tcl


****** Vivado v2024.2 (64-bit)
  **** SW Build 5239630 on Fri Nov 08 22:34:34 MST 2024
  **** IP Build 5239520 on Sun Nov 10 16:12:51 MST 2024
  **** SharedData Build 5239561 on Fri Nov 08 14:39:27 MST 2024
  **** Start of session at: Mon Jul  6 20:17:00 2026
    ** Copyright 1986-2022 Xilinx, Inc. All Rights Reserved.
    ** Copyright 2022-2024 Advanced Micro Devices, Inc. All Rights Reserved.

source clk_wiz_0.tcl -notrace
INFO: [IP_Flow 19-6924] IPCACHE: Running cache check for IP inst: clk_wiz_0
Command: synth_design -top clk_wiz_0 -part xc7a35tcpg236-1 -incremental_mode off -mode out_of_context
Starting synth_design
Attempting to get a license for feature 'Synthesis' and/or device 'xc7a35t'
INFO: [Common 17-349] Got license for feature 'Synthesis' and/or device 'xc7a35t'
INFO: [Device 21-403] Loading part xc7a35tcpg236-1
INFO: [Synth 8-7079] Multithreading enabled for synth_design using a maximum of 7 processes.
INFO: [Synth 8-7078] Launching helper process for spawning children vivado processes
INFO: [Synth 8-7075] Helper process launched with PID 15187
---------------------------------------------------------------------------------
Starting RTL Elaboration : Time (s): cpu = 00:00:04 ; elapsed = 00:00:04 . Memory (MB): peak = 1843.973 ; gain = 364.859 ; free physical = 3957 ; free virtual = 17719
---------------------------------------------------------------------------------
INFO: [Synth 8-6157] synthesizing module 'clk_wiz_0' [/home/adyn/Documents/GitHub/FPGA-VGA-Tile-Renderer/vivado_project/vivado_project.gen/sources_1/ip/clk_wiz_0/clk_wiz_0.v:65]
INFO: [Synth 8-6157] synthesizing module 'clk_wiz_0_clk_wiz' [/home/adyn/Documents/GitHub/FPGA-VGA-Tile-Renderer/vivado_project/vivado_project.gen/sources_1/ip/clk_wiz_0/clk_wiz_0_clk_wiz.v:65]
INFO: [Synth 8-6157] synthesizing module 'IBUF' [/home/adyn/tools/Xilinx/Vivado/2024.2/scripts/rt/data/unisim_comp.v:75825]
INFO: [Synth 8-6155] done synthesizing module 'IBUF' (0#1) [/home/adyn/tools/Xilinx/Vivado/2024.2/scripts/rt/data/unisim_comp.v:75825]
INFO: [Synth 8-6157] synthesizing module 'MMCME2_ADV' [/home/adyn/tools/Xilinx/Vivado/2024.2/scripts/rt/data/unisim_comp.v:84588]
	Parameter BANDWIDTH bound to: OPTIMIZED - type: string 
	Parameter CLKFBOUT_MULT_F bound to: 36.375000 - type: double 
	Parameter CLKFBOUT_PHASE bound to: 0.000000 - type: double 
	Parameter CLKFBOUT_USE_FINE_PS bound to: FALSE - type: string 
	Parameter CLKIN1_PERIOD bound to: 10.000000 - type: double 
	Parameter CLKOUT0_DIVIDE_F bound to: 36.125000 - type: double 
	Parameter CLKOUT0_DUTY_CYCLE bound to: 0.500000 - type: double 
	Parameter CLKOUT0_PHASE bound to: 0.000000 - type: double 
	Parameter CLKOUT0_USE_FINE_PS bound to: FALSE - type: string 
	Parameter CLKOUT4_CASCADE bound to: FALSE - type: string 
	Parameter COMPENSATION bound to: ZHOLD - type: string 
	Parameter DIVCLK_DIVIDE bound to: 4 - type: integer 
	Parameter STARTUP_WAIT bound to: FALSE - type: string 
INFO: [Synth 8-6155] done synthesizing module 'MMCME2_ADV' (0#1) [/home/adyn/tools/Xilinx/Vivado/2024.2/scripts/rt/data/unisim_comp.v:84588]
INFO: [Synth 8-6157] synthesizing module 'BUFG' [/home/adyn/tools/Xilinx/Vivado/2024.2/scripts/rt/data/unisim_comp.v:2676]
INFO: [Synth 8-6155] done synthesizing module 'BUFG' (0#1) [/home/adyn/tools/Xilinx/Vivado/2024.2/scripts/rt/data/unisim_comp.v:2676]
INFO: [Synth 8-6155] done synthesizing module 'clk_wiz_0_clk_wiz' (0#1) [/home/adyn/Documents/GitHub/FPGA-VGA-Tile-Renderer/vivado_project/vivado_project.gen/sources_1/ip/clk_wiz_0/clk_wiz_0_clk_wiz.v:65]
INFO: [Synth 8-6155] done synthesizing module 'clk_wiz_0' (0#1) [/home/adyn/Documents/GitHub/FPGA-VGA-Tile-Renderer/vivado_project/vivado_project.gen/sources_1/ip/clk_wiz_0/clk_wiz_0.v:65]
---------------------------------------------------------------------------------
Finished RTL Elaboration : Time (s): cpu = 00:00:06 ; elapsed = 00:00:06 . Memory (MB): peak = 1915.910 ; gain = 436.797 ; free physical = 3875 ; free virtual = 17638
---------------------------------------------------------------------------------
---------------------------------------------------------------------------------
Start Handling Custom Attributes
---------------------------------------------------------------------------------
---------------------------------------------------------------------------------
Finished Handling Custom Attributes : Time (s): cpu = 00:00:06 ; elapsed = 00:00:06 . Memory (MB): peak = 1930.754 ; gain = 451.641 ; free physical = 3875 ; free virtual = 17638
---------------------------------------------------------------------------------
---------------------------------------------------------------------------------
Finished RTL Optimization Phase 1 : Time (s): cpu = 00:00:06 ; elapsed = 00:00:06 . Memory (MB): peak = 1930.754 ; gain = 451.641 ; free physical = 3875 ; free virtual = 17638
---------------------------------------------------------------------------------
Netlist sorting complete. Time (s): cpu = 00:00:00 ; elapsed = 00:00:00 . Memory (MB): peak = 1936.691 ; gain = 0.000 ; free physical = 3875 ; free virtual = 17638
INFO: [Netlist 29-17] Analyzing 1 Unisim elements for replacement
INFO: [Netlist 29-28] Unisim Transformation completed in 0 CPU seconds
INFO: [Project 1-570] Preparing netlist for logic optimization

Processing XDC Constraints
Initializing timing engine
Parsing XDC File [/home/adyn/Documents/GitHub/FPGA-VGA-Tile-Renderer/vivado_project/vivado_project.gen/sources_1/ip/clk_wiz_0/clk_wiz_0_ooc.xdc] for cell 'inst'
Finished Parsing XDC File [/home/adyn/Documents/GitHub/FPGA-VGA-Tile-Renderer/vivado_project/vivado_project.gen/sources_1/ip/clk_wiz_0/clk_wiz_0_ooc.xdc] for cell 'inst'
Parsing XDC File [/home/adyn/Documents/GitHub/FPGA-VGA-Tile-Renderer/vivado_project/vivado_project.gen/sources_1/ip/clk_wiz_0/clk_wiz_0_board.xdc] for cell 'inst'
Finished Parsing XDC File [/home/adyn/Documents/GitHub/FPGA-VGA-Tile-Renderer/vivado_project/vivado_project.gen/sources_1/ip/clk_wiz_0/clk_wiz_0_board.xdc] for cell 'inst'
Parsing XDC File [/home/adyn/Documents/GitHub/FPGA-VGA-Tile-Renderer/vivado_project/vivado_project.gen/sources_1/ip/clk_wiz_0/clk_wiz_0.xdc] for cell 'inst'
Finished Parsing XDC File [/home/adyn/Documents/GitHub/FPGA-VGA-Tile-Renderer/vivado_project/vivado_project.gen/sources_1/ip/clk_wiz_0/clk_wiz_0.xdc] for cell 'inst'
INFO: [Project 1-236] Implementation specific constraints were found while reading constraint file [/home/adyn/Documents/GitHub/FPGA-VGA-Tile-Renderer/vivado_project/vivado_project.gen/sources_1/ip/clk_wiz_0/clk_wiz_0.xdc]. These constraints will be ignored for synthesis but will be used in implementation. Impacted constraints are listed in the file [.Xil/clk_wiz_0_propImpl.xdc].
Resolution: To avoid this warning, move constraints listed in [.Xil/clk_wiz_0_propImpl.xdc] to another XDC file and exclude this new file from synthesis with the used_in_synthesis property (File Properties dialog in GUI) and re-run elaboration/synthesis.
INFO: [Timing 38-2] Deriving generated clocks
Parsing XDC File [/home/adyn/Documents/GitHub/FPGA-VGA-Tile-Renderer/vivado_project/vivado_project.runs/clk_wiz_0_synth_1/dont_touch.xdc]
Finished Parsing XDC File [/home/adyn/Documents/GitHub/FPGA-VGA-Tile-Renderer/vivado_project/vivado_project.runs/clk_wiz_0_synth_1/dont_touch.xdc]
Completed Processing XDC Constraints

Netlist sorting complete. Time (s): cpu = 00:00:00 ; elapsed = 00:00:00 . Memory (MB): peak = 2003.691 ; gain = 0.000 ; free physical = 3892 ; free virtual = 17655
INFO: [Project 1-111] Unisim Transformation Summary:
No Unisim elements were transformed.

Constraint Validation Runtime : Time (s): cpu = 00:00:00.01 ; elapsed = 00:00:00.01 . Memory (MB): peak = 2003.691 ; gain = 0.000 ; free physical = 3895 ; free virtual = 17658
INFO: [Designutils 20-5008] Incremental synthesis strategy off
---------------------------------------------------------------------------------
Finished Constraint Validation : Time (s): cpu = 00:00:12 ; elapsed = 00:00:13 . Memory (MB): peak = 2003.691 ; gain = 524.578 ; free physical = 3929 ; free virtual = 17692
---------------------------------------------------------------------------------
---------------------------------------------------------------------------------
Start Loading Part and Timing Information
---------------------------------------------------------------------------------
Loading part: xc7a35tcpg236-1
---------------------------------------------------------------------------------
Finished Loading Part and Timing Information : Time (s): cpu = 00:00:12 ; elapsed = 00:00:13 . Memory (MB): peak = 2011.695 ; gain = 532.582 ; free physical = 3929 ; free virtual = 17692
---------------------------------------------------------------------------------
---------------------------------------------------------------------------------
Start Applying 'set_property' XDC Constraints
---------------------------------------------------------------------------------
Applied set_property keep_hierarchy = soft for inst. (constraint file  /home/adyn/Documents/GitHub/FPGA-VGA-Tile-Renderer/vivado_project/vivado_project.gen/sources_1/ip/clk_wiz_0/clk_wiz_0.xdc, line 53).
Applied set_property KEEP_HIERARCHY = SOFT for inst. (constraint file  /home/adyn/Documents/GitHub/FPGA-VGA-Tile-Renderer/vivado_project/vivado_project.runs/clk_wiz_0_synth_1/dont_touch.xdc, line 9).
---------------------------------------------------------------------------------
Finished applying 'set_property' XDC Constraints : Time (s): cpu = 00:00:12 ; elapsed = 00:00:13 . Memory (MB): peak = 2011.695 ; gain = 532.582 ; free physical = 3929 ; free virtual = 17692
---------------------------------------------------------------------------------
---------------------------------------------------------------------------------
Finished RTL Optimization Phase 2 : Time (s): cpu = 00:00:13 ; elapsed = 00:00:13 . Memory (MB): peak = 2011.695 ; gain = 532.582 ; free physical = 3938 ; free virtual = 17702
---------------------------------------------------------------------------------
---------------------------------------------------------------------------------
Start RTL Component Statistics 
---------------------------------------------------------------------------------
Detailed RTL Component Info : 
---------------------------------------------------------------------------------
Finished RTL Component Statistics 
---------------------------------------------------------------------------------
---------------------------------------------------------------------------------
Start Part Resource Summary
---------------------------------------------------------------------------------
Part Resources:
DSPs: 90 (col length:60)
BRAMs: 100 (col length: RAMB18 60 RAMB36 30)
---------------------------------------------------------------------------------
Finished Part Resource Summary
---------------------------------------------------------------------------------
---------------------------------------------------------------------------------
Start Cross Boundary and Area Optimization
---------------------------------------------------------------------------------
WARNING: [Synth 8-7080] Parallel synthesis criteria is not met
---------------------------------------------------------------------------------
Finished Cross Boundary and Area Optimization : Time (s): cpu = 00:00:14 ; elapsed = 00:00:14 . Memory (MB): peak = 2011.695 ; gain = 532.582 ; free physical = 3947 ; free virtual = 17711
---------------------------------------------------------------------------------
---------------------------------------------------------------------------------
Start Applying XDC Timing Constraints
---------------------------------------------------------------------------------
---------------------------------------------------------------------------------
Finished Applying XDC Timing Constraints : Time (s): cpu = 00:00:20 ; elapsed = 00:00:20 . Memory (MB): peak = 2085.695 ; gain = 606.582 ; free physical = 3901 ; free virtual = 17665
---------------------------------------------------------------------------------
---------------------------------------------------------------------------------
Start Timing Optimization
---------------------------------------------------------------------------------
---------------------------------------------------------------------------------
Finished Timing Optimization : Time (s): cpu = 00:00:20 ; elapsed = 00:00:20 . Memory (MB): peak = 2085.695 ; gain = 606.582 ; free physical = 3901 ; free virtual = 17665
---------------------------------------------------------------------------------
---------------------------------------------------------------------------------
Start Technology Mapping
---------------------------------------------------------------------------------
---------------------------------------------------------------------------------
Finished Technology Mapping : Time (s): cpu = 00:00:20 ; elapsed = 00:00:20 . Memory (MB): peak = 2094.711 ; gain = 615.598 ; free physical = 3893 ; free virtual = 17657
---------------------------------------------------------------------------------
---------------------------------------------------------------------------------
Start IO Insertion
---------------------------------------------------------------------------------
---------------------------------------------------------------------------------
Start Flattening Before IO Insertion
---------------------------------------------------------------------------------
---------------------------------------------------------------------------------
Finished Flattening Before IO Insertion
---------------------------------------------------------------------------------
---------------------------------------------------------------------------------
Start Final Netlist Cleanup
---------------------------------------------------------------------------------
---------------------------------------------------------------------------------
Finished Final Netlist Cleanup
---------------------------------------------------------------------------------
---------------------------------------------------------------------------------
Finished IO Insertion : Time (s): cpu = 00:00:23 ; elapsed = 00:00:23 . Memory (MB): peak = 2257.523 ; gain = 778.410 ; free physical = 3753 ; free virtual = 17517
---------------------------------------------------------------------------------
---------------------------------------------------------------------------------
Start Renaming Generated Instances
---------------------------------------------------------------------------------
---------------------------------------------------------------------------------
Finished Renaming Generated Instances : Time (s): cpu = 00:00:23 ; elapsed = 00:00:23 . Memory (MB): peak = 2257.523 ; gain = 778.410 ; free physical = 3753 ; free virtual = 17517
---------------------------------------------------------------------------------
---------------------------------------------------------------------------------
Start Rebuilding User Hierarchy
---------------------------------------------------------------------------------
---------------------------------------------------------------------------------
Finished Rebuilding User Hierarchy : Time (s): cpu = 00:00:23 ; elapsed = 00:00:23 . Memory (MB): peak = 2257.523 ; gain = 778.410 ; free physical = 3753 ; free virtual = 17517
---------------------------------------------------------------------------------
---------------------------------------------------------------------------------
Start Renaming Generated Ports
---------------------------------------------------------------------------------
---------------------------------------------------------------------------------
Finished Renaming Generated Ports : Time (s): cpu = 00:00:23 ; elapsed = 00:00:23 . Memory (MB): peak = 2257.523 ; gain = 778.410 ; free physical = 3753 ; free virtual = 17517
---------------------------------------------------------------------------------
---------------------------------------------------------------------------------
Start Handling Custom Attributes
---------------------------------------------------------------------------------
---------------------------------------------------------------------------------
Finished Handling Custom Attributes : Time (s): cpu = 00:00:23 ; elapsed = 00:00:23 . Memory (MB): peak = 2257.523 ; gain = 778.410 ; free physical = 3753 ; free virtual = 17517
---------------------------------------------------------------------------------
---------------------------------------------------------------------------------
Start Renaming Generated Nets
---------------------------------------------------------------------------------
---------------------------------------------------------------------------------
Finished Renaming Generated Nets : Time (s): cpu = 00:00:23 ; elapsed = 00:00:23 . Memory (MB): peak = 2257.523 ; gain = 778.410 ; free physical = 3753 ; free virtual = 17517
---------------------------------------------------------------------------------
---------------------------------------------------------------------------------
Start Writing Synthesis Report
---------------------------------------------------------------------------------

Report BlackBoxes: 
+-+--------------+----------+
| |BlackBox name |Instances |
+-+--------------+----------+
+-+--------------+----------+

Report Cell Usage: 
+------+-----------+------+
|      |Cell       |Count |
+------+-----------+------+
|1     |BUFG       |     2|
|2     |MMCME2_ADV |     1|
|3     |IBUF       |     1|
+------+-----------+------+
---------------------------------------------------------------------------------
Finished Writing Synthesis Report : Time (s): cpu = 00:00:23 ; elapsed = 00:00:23 . Memory (MB): peak = 2257.523 ; gain = 778.410 ; free physical = 3753 ; free virtual = 17517
---------------------------------------------------------------------------------
Synthesis finished with 0 errors, 0 critical warnings and 1 warnings.
Synthesis Optimization Runtime : Time (s): cpu = 00:00:21 ; elapsed = 00:00:22 . Memory (MB): peak = 2257.523 ; gain = 705.473 ; free physical = 3753 ; free virtual = 17517
Synthesis Optimization Complete : Time (s): cpu = 00:00:23 ; elapsed = 00:00:23 . Memory (MB): peak = 2257.531 ; gain = 778.410 ; free physical = 3753 ; free virtual = 17517
INFO: [Project 1-571] Translating synthesized netlist
Netlist sorting complete. Time (s): cpu = 00:00:00 ; elapsed = 00:00:00 . Memory (MB): peak = 2257.531 ; gain = 0.000 ; free physical = 3753 ; free virtual = 17517
INFO: [Netlist 29-17] Analyzing 1 Unisim elements for replacement
INFO: [Netlist 29-28] Unisim Transformation completed in 0 CPU seconds
INFO: [Project 1-570] Preparing netlist for logic optimization
INFO: [Opt 31-138] Pushed 0 inverter(s) to 0 load pin(s).
Netlist sorting complete. Time (s): cpu = 00:00:00 ; elapsed = 00:00:00 . Memory (MB): peak = 2257.531 ; gain = 0.000 ; free physical = 3926 ; free virtual = 17689
INFO: [Project 1-111] Unisim Transformation Summary:
No Unisim elements were transformed.

Synth Design complete | Checksum: fe8add83
INFO: [Common 17-83] Releasing license: Synthesis
30 Infos, 1 Warnings, 0 Critical Warnings and 0 Errors encountered.
synth_design completed successfully
synth_design: Time (s): cpu = 00:00:30 ; elapsed = 00:00:27 . Memory (MB): peak = 2257.531 ; gain = 786.422 ; free physical = 3926 ; free virtual = 17689
INFO: [Common 17-2834] synth_design peak Physical Memory [PSS] (MB): overall = 1534.929; main = 1464.607; forked = 267.599
INFO: [Common 17-2834] synth_design peak Virtual Memory [VSS] (MB): overall = 3011.723; main = 2257.527; forked = 917.008
Write ShapeDB Complete: Time (s): cpu = 00:00:00 ; elapsed = 00:00:00 . Memory (MB): peak = 2281.535 ; gain = 0.000 ; free physical = 3926 ; free virtual = 17689
INFO: [Common 17-1381] The checkpoint '/home/adyn/Documents/GitHub/FPGA-VGA-Tile-Renderer/vivado_project/vivado_project.runs/clk_wiz_0_synth_1/clk_wiz_0.dcp' has been generated.
INFO: [Coretcl 2-1648] Added synthesis output to IP cache for IP clk_wiz_0, cache-ID = 5af221194706d03c
Write ShapeDB Complete: Time (s): cpu = 00:00:00 ; elapsed = 00:00:00 . Memory (MB): peak = 2321.555 ; gain = 0.000 ; free physical = 3920 ; free virtual = 17684
INFO: [Common 17-1381] The checkpoint '/home/adyn/Documents/GitHub/FPGA-VGA-Tile-Renderer/vivado_project/vivado_project.runs/clk_wiz_0_synth_1/clk_wiz_0.dcp' has been generated.
INFO: [Vivado 12-24828] Executing command : report_utilization -file clk_wiz_0_utilization_synth.rpt -pb clk_wiz_0_utilization_synth.pb
INFO: [Common 17-206] Exiting Vivado at Mon Jul  6 20:17:31 2026...
