
*** Running vivado
    with args -log Tile_Generator_TopLevel.vds -m64 -product Vivado -mode batch -messageDb vivado.pb -notrace -source Tile_Generator_TopLevel.tcl


****** Vivado v2024.2 (64-bit)
  **** SW Build 5239630 on Fri Nov 08 22:34:34 MST 2024
  **** IP Build 5239520 on Sun Nov 10 16:12:51 MST 2024
  **** SharedData Build 5239561 on Fri Nov 08 14:39:27 MST 2024
  **** Start of session at: Sun Jul 19 18:12:38 2026
    ** Copyright 1986-2022 Xilinx, Inc. All Rights Reserved.
    ** Copyright 2022-2024 Advanced Micro Devices, Inc. All Rights Reserved.

source Tile_Generator_TopLevel.tcl -notrace
Command: read_checkpoint -auto_incremental -incremental /home/adyn/Documents/GitHub/FPGA-VGA-Tile-Renderer/vivado_project/vivado_project.srcs/utils_1/imports/synth_1/Tile_Generator_TopLevel.dcp
INFO: [Vivado 12-5825] Read reference checkpoint from /home/adyn/Documents/GitHub/FPGA-VGA-Tile-Renderer/vivado_project/vivado_project.srcs/utils_1/imports/synth_1/Tile_Generator_TopLevel.dcp for incremental synthesis
INFO: [Vivado 12-7989] Please ensure there are no constraint changes
Command: synth_design -top Tile_Generator_TopLevel -part xc7a35tcpg236-1
Starting synth_design
Attempting to get a license for feature 'Synthesis' and/or device 'xc7a35t'
INFO: [Common 17-349] Got license for feature 'Synthesis' and/or device 'xc7a35t'
INFO: [Device 21-403] Loading part xc7a35tcpg236-1
INFO: [Designutils 20-5440] No compile time benefit to using incremental synthesis; A full resynthesis will be run
INFO: [Designutils 20-4379] Flow is switching to default flow due to incremental criteria not met. If you would like to alter this behaviour and have the flow terminate instead, please set the following parameter config_implementation {autoIncr.Synth.RejectBehavior Terminate}
INFO: [Synth 8-7079] Multithreading enabled for synth_design using a maximum of 7 processes.
INFO: [Synth 8-7078] Launching helper process for spawning children vivado processes
INFO: [Synth 8-7075] Helper process launched with PID 17505
---------------------------------------------------------------------------------
Starting RTL Elaboration : Time (s): cpu = 00:00:04 ; elapsed = 00:00:04 . Memory (MB): peak = 1844.430 ; gain = 419.828 ; free physical = 3124 ; free virtual = 17468
---------------------------------------------------------------------------------
INFO: [Synth 8-638] synthesizing module 'Tile_Generator_TopLevel' [/home/adyn/Documents/GitHub/FPGA-VGA-Tile-Renderer/src/Tile_Generator_TopLevel.vhd:41]
INFO: [Synth 8-3491] module 'hcounter' declared at '/home/adyn/Documents/GitHub/FPGA-VGA-Tile-Renderer/vivado_project/vivado_project.srcs/sources_1/new/hcounter.sv:23' bound to instance 'hcounter_inst' of component 'hcounter' [/home/adyn/Documents/GitHub/FPGA-VGA-Tile-Renderer/src/Tile_Generator_TopLevel.vhd:101]
INFO: [Synth 8-6157] synthesizing module 'hcounter' [/home/adyn/Documents/GitHub/FPGA-VGA-Tile-Renderer/vivado_project/vivado_project.srcs/sources_1/new/hcounter.sv:23]
INFO: [Synth 8-6155] done synthesizing module 'hcounter' (0#1) [/home/adyn/Documents/GitHub/FPGA-VGA-Tile-Renderer/vivado_project/vivado_project.srcs/sources_1/new/hcounter.sv:23]
INFO: [Synth 8-3491] module 'vcounter' declared at '/home/adyn/Documents/GitHub/FPGA-VGA-Tile-Renderer/vivado_project/vivado_project.srcs/sources_1/new/vcounter.sv:23' bound to instance 'vcounter_inst' of component 'vcounter' [/home/adyn/Documents/GitHub/FPGA-VGA-Tile-Renderer/src/Tile_Generator_TopLevel.vhd:110]
INFO: [Synth 8-6157] synthesizing module 'vcounter' [/home/adyn/Documents/GitHub/FPGA-VGA-Tile-Renderer/vivado_project/vivado_project.srcs/sources_1/new/vcounter.sv:23]
INFO: [Synth 8-6155] done synthesizing module 'vcounter' (0#1) [/home/adyn/Documents/GitHub/FPGA-VGA-Tile-Renderer/vivado_project/vivado_project.srcs/sources_1/new/vcounter.sv:23]
INFO: [Synth 8-3491] module 'syncgen' declared at '/home/adyn/Documents/GitHub/FPGA-VGA-Tile-Renderer/vivado_project/vivado_project.srcs/sources_1/new/syncgen.sv:23' bound to instance 'syncgen_inst' of component 'syncgen' [/home/adyn/Documents/GitHub/FPGA-VGA-Tile-Renderer/src/Tile_Generator_TopLevel.vhd:119]
INFO: [Synth 8-6157] synthesizing module 'syncgen' [/home/adyn/Documents/GitHub/FPGA-VGA-Tile-Renderer/vivado_project/vivado_project.srcs/sources_1/new/syncgen.sv:23]
INFO: [Synth 8-6155] done synthesizing module 'syncgen' (0#1) [/home/adyn/Documents/GitHub/FPGA-VGA-Tile-Renderer/vivado_project/vivado_project.srcs/sources_1/new/syncgen.sv:23]
INFO: [Synth 8-3491] module 'clk_wiz_0' declared at '/home/adyn/Documents/GitHub/FPGA-VGA-Tile-Renderer/vivado_project/vivado_project.runs/synth_1/.Xil/Vivado-17451-adyn-MS-7885/realtime/clk_wiz_0_stub.v:6' bound to instance 'clk_25_inst' of component 'clk_wiz_0' [/home/adyn/Documents/GitHub/FPGA-VGA-Tile-Renderer/src/Tile_Generator_TopLevel.vhd:130]
INFO: [Synth 8-6157] synthesizing module 'clk_wiz_0' [/home/adyn/Documents/GitHub/FPGA-VGA-Tile-Renderer/vivado_project/vivado_project.runs/synth_1/.Xil/Vivado-17451-adyn-MS-7885/realtime/clk_wiz_0_stub.v:6]
INFO: [Synth 8-6155] done synthesizing module 'clk_wiz_0' (0#1) [/home/adyn/Documents/GitHub/FPGA-VGA-Tile-Renderer/vivado_project/vivado_project.runs/synth_1/.Xil/Vivado-17451-adyn-MS-7885/realtime/clk_wiz_0_stub.v:6]
INFO: [Synth 8-3491] module 'imagegen' declared at '/home/adyn/Documents/GitHub/FPGA-VGA-Tile-Renderer/vivado_project/vivado_project.srcs/sources_1/new/imagegen.sv:23' bound to instance 'imagegen_inst' of component 'imagegen' [/home/adyn/Documents/GitHub/FPGA-VGA-Tile-Renderer/src/Tile_Generator_TopLevel.vhd:138]
INFO: [Synth 8-6157] synthesizing module 'imagegen' [/home/adyn/Documents/GitHub/FPGA-VGA-Tile-Renderer/vivado_project/vivado_project.srcs/sources_1/new/imagegen.sv:23]
INFO: [Synth 8-6155] done synthesizing module 'imagegen' (0#1) [/home/adyn/Documents/GitHub/FPGA-VGA-Tile-Renderer/vivado_project/vivado_project.srcs/sources_1/new/imagegen.sv:23]
INFO: [Synth 8-256] done synthesizing module 'Tile_Generator_TopLevel' (0#1) [/home/adyn/Documents/GitHub/FPGA-VGA-Tile-Renderer/src/Tile_Generator_TopLevel.vhd:41]
---------------------------------------------------------------------------------
Finished RTL Elaboration : Time (s): cpu = 00:00:06 ; elapsed = 00:00:06 . Memory (MB): peak = 1916.367 ; gain = 491.766 ; free physical = 3047 ; free virtual = 17392
---------------------------------------------------------------------------------
---------------------------------------------------------------------------------
Start Handling Custom Attributes
---------------------------------------------------------------------------------
---------------------------------------------------------------------------------
Finished Handling Custom Attributes : Time (s): cpu = 00:00:06 ; elapsed = 00:00:06 . Memory (MB): peak = 1934.180 ; gain = 509.578 ; free physical = 3043 ; free virtual = 17388
---------------------------------------------------------------------------------
---------------------------------------------------------------------------------
Finished RTL Optimization Phase 1 : Time (s): cpu = 00:00:06 ; elapsed = 00:00:06 . Memory (MB): peak = 1934.180 ; gain = 509.578 ; free physical = 3043 ; free virtual = 17388
---------------------------------------------------------------------------------
Netlist sorting complete. Time (s): cpu = 00:00:00 ; elapsed = 00:00:00 . Memory (MB): peak = 1934.180 ; gain = 0.000 ; free physical = 3043 ; free virtual = 17388
INFO: [Project 1-570] Preparing netlist for logic optimization

Processing XDC Constraints
Initializing timing engine
Parsing XDC File [/home/adyn/Documents/GitHub/FPGA-VGA-Tile-Renderer/vivado_project/vivado_project.gen/sources_1/ip/clk_wiz_0/clk_wiz_0/clk_wiz_0_in_context.xdc] for cell 'clk_25_inst'
Finished Parsing XDC File [/home/adyn/Documents/GitHub/FPGA-VGA-Tile-Renderer/vivado_project/vivado_project.gen/sources_1/ip/clk_wiz_0/clk_wiz_0/clk_wiz_0_in_context.xdc] for cell 'clk_25_inst'
Parsing XDC File [/home/adyn/Documents/GitHub/FPGA-VGA-Tile-Renderer/constraints/basys3.xdc]
WARNING: [Vivado 12-584] No ports matched 'SW0'. [/home/adyn/Documents/GitHub/FPGA-VGA-Tile-Renderer/constraints/basys3.xdc:7]
WARNING: [Vivado 12-584] No ports matched 'SW0'. [/home/adyn/Documents/GitHub/FPGA-VGA-Tile-Renderer/constraints/basys3.xdc:8]
WARNING: [Vivado 12-584] No ports matched 'SW1'. [/home/adyn/Documents/GitHub/FPGA-VGA-Tile-Renderer/constraints/basys3.xdc:9]
WARNING: [Vivado 12-584] No ports matched 'SW1'. [/home/adyn/Documents/GitHub/FPGA-VGA-Tile-Renderer/constraints/basys3.xdc:10]
WARNING: [Vivado 12-584] No ports matched 'SWITCH[2]'. [/home/adyn/Documents/GitHub/FPGA-VGA-Tile-Renderer/constraints/basys3.xdc:11]
WARNING: [Vivado 12-584] No ports matched 'SWITCH[2]'. [/home/adyn/Documents/GitHub/FPGA-VGA-Tile-Renderer/constraints/basys3.xdc:12]
WARNING: [Vivado 12-584] No ports matched 'SWITCH[3]'. [/home/adyn/Documents/GitHub/FPGA-VGA-Tile-Renderer/constraints/basys3.xdc:13]
WARNING: [Vivado 12-584] No ports matched 'SWITCH[3]'. [/home/adyn/Documents/GitHub/FPGA-VGA-Tile-Renderer/constraints/basys3.xdc:14]
WARNING: [Vivado 12-584] No ports matched 'SWITCH[4]'. [/home/adyn/Documents/GitHub/FPGA-VGA-Tile-Renderer/constraints/basys3.xdc:15]
WARNING: [Vivado 12-584] No ports matched 'SWITCH[4]'. [/home/adyn/Documents/GitHub/FPGA-VGA-Tile-Renderer/constraints/basys3.xdc:16]
WARNING: [Vivado 12-584] No ports matched 'SWITCH[5]'. [/home/adyn/Documents/GitHub/FPGA-VGA-Tile-Renderer/constraints/basys3.xdc:17]
WARNING: [Vivado 12-584] No ports matched 'SWITCH[5]'. [/home/adyn/Documents/GitHub/FPGA-VGA-Tile-Renderer/constraints/basys3.xdc:18]
WARNING: [Vivado 12-584] No ports matched 'SWITCH[6]'. [/home/adyn/Documents/GitHub/FPGA-VGA-Tile-Renderer/constraints/basys3.xdc:19]
WARNING: [Vivado 12-584] No ports matched 'SWITCH[6]'. [/home/adyn/Documents/GitHub/FPGA-VGA-Tile-Renderer/constraints/basys3.xdc:20]
WARNING: [Vivado 12-584] No ports matched 'SWITCH[7]'. [/home/adyn/Documents/GitHub/FPGA-VGA-Tile-Renderer/constraints/basys3.xdc:21]
WARNING: [Vivado 12-584] No ports matched 'SWITCH[7]'. [/home/adyn/Documents/GitHub/FPGA-VGA-Tile-Renderer/constraints/basys3.xdc:22]
WARNING: [Vivado 12-584] No ports matched 'SWITCH[8]'. [/home/adyn/Documents/GitHub/FPGA-VGA-Tile-Renderer/constraints/basys3.xdc:23]
WARNING: [Vivado 12-584] No ports matched 'SWITCH[8]'. [/home/adyn/Documents/GitHub/FPGA-VGA-Tile-Renderer/constraints/basys3.xdc:24]
WARNING: [Vivado 12-584] No ports matched 'SWITCH[9]'. [/home/adyn/Documents/GitHub/FPGA-VGA-Tile-Renderer/constraints/basys3.xdc:25]
WARNING: [Vivado 12-584] No ports matched 'SWITCH[9]'. [/home/adyn/Documents/GitHub/FPGA-VGA-Tile-Renderer/constraints/basys3.xdc:26]
WARNING: [Vivado 12-584] No ports matched 'SWITCH[10]'. [/home/adyn/Documents/GitHub/FPGA-VGA-Tile-Renderer/constraints/basys3.xdc:27]
WARNING: [Vivado 12-584] No ports matched 'SWITCH[10]'. [/home/adyn/Documents/GitHub/FPGA-VGA-Tile-Renderer/constraints/basys3.xdc:28]
WARNING: [Vivado 12-584] No ports matched 'SWITCH[11]'. [/home/adyn/Documents/GitHub/FPGA-VGA-Tile-Renderer/constraints/basys3.xdc:29]
WARNING: [Vivado 12-584] No ports matched 'SWITCH[11]'. [/home/adyn/Documents/GitHub/FPGA-VGA-Tile-Renderer/constraints/basys3.xdc:30]
WARNING: [Vivado 12-584] No ports matched 'SWITCH[12]'. [/home/adyn/Documents/GitHub/FPGA-VGA-Tile-Renderer/constraints/basys3.xdc:31]
WARNING: [Vivado 12-584] No ports matched 'SWITCH[12]'. [/home/adyn/Documents/GitHub/FPGA-VGA-Tile-Renderer/constraints/basys3.xdc:32]
WARNING: [Vivado 12-584] No ports matched 'SWITCH[13]'. [/home/adyn/Documents/GitHub/FPGA-VGA-Tile-Renderer/constraints/basys3.xdc:33]
WARNING: [Vivado 12-584] No ports matched 'SWITCH[13]'. [/home/adyn/Documents/GitHub/FPGA-VGA-Tile-Renderer/constraints/basys3.xdc:34]
WARNING: [Vivado 12-584] No ports matched 'SWITCH[14]'. [/home/adyn/Documents/GitHub/FPGA-VGA-Tile-Renderer/constraints/basys3.xdc:35]
WARNING: [Vivado 12-584] No ports matched 'SWITCH[14]'. [/home/adyn/Documents/GitHub/FPGA-VGA-Tile-Renderer/constraints/basys3.xdc:36]
WARNING: [Vivado 12-584] No ports matched 'SWITCH[15]'. [/home/adyn/Documents/GitHub/FPGA-VGA-Tile-Renderer/constraints/basys3.xdc:37]
WARNING: [Vivado 12-584] No ports matched 'SWITCH[15]'. [/home/adyn/Documents/GitHub/FPGA-VGA-Tile-Renderer/constraints/basys3.xdc:38]
WARNING: [Vivado 12-584] No ports matched 'LD0'. [/home/adyn/Documents/GitHub/FPGA-VGA-Tile-Renderer/constraints/basys3.xdc:42]
WARNING: [Vivado 12-584] No ports matched 'LD0'. [/home/adyn/Documents/GitHub/FPGA-VGA-Tile-Renderer/constraints/basys3.xdc:43]
WARNING: [Vivado 12-584] No ports matched 'LED[1]'. [/home/adyn/Documents/GitHub/FPGA-VGA-Tile-Renderer/constraints/basys3.xdc:44]
WARNING: [Vivado 12-584] No ports matched 'LED[1]'. [/home/adyn/Documents/GitHub/FPGA-VGA-Tile-Renderer/constraints/basys3.xdc:45]
WARNING: [Vivado 12-584] No ports matched 'LED[2]'. [/home/adyn/Documents/GitHub/FPGA-VGA-Tile-Renderer/constraints/basys3.xdc:46]
WARNING: [Vivado 12-584] No ports matched 'LED[2]'. [/home/adyn/Documents/GitHub/FPGA-VGA-Tile-Renderer/constraints/basys3.xdc:47]
WARNING: [Vivado 12-584] No ports matched 'LED[3]'. [/home/adyn/Documents/GitHub/FPGA-VGA-Tile-Renderer/constraints/basys3.xdc:48]
WARNING: [Vivado 12-584] No ports matched 'LED[3]'. [/home/adyn/Documents/GitHub/FPGA-VGA-Tile-Renderer/constraints/basys3.xdc:49]
WARNING: [Vivado 12-584] No ports matched 'LED[4]'. [/home/adyn/Documents/GitHub/FPGA-VGA-Tile-Renderer/constraints/basys3.xdc:50]
WARNING: [Vivado 12-584] No ports matched 'LED[4]'. [/home/adyn/Documents/GitHub/FPGA-VGA-Tile-Renderer/constraints/basys3.xdc:51]
WARNING: [Vivado 12-584] No ports matched 'LED[5]'. [/home/adyn/Documents/GitHub/FPGA-VGA-Tile-Renderer/constraints/basys3.xdc:52]
WARNING: [Vivado 12-584] No ports matched 'LED[5]'. [/home/adyn/Documents/GitHub/FPGA-VGA-Tile-Renderer/constraints/basys3.xdc:53]
WARNING: [Vivado 12-584] No ports matched 'LED[6]'. [/home/adyn/Documents/GitHub/FPGA-VGA-Tile-Renderer/constraints/basys3.xdc:54]
WARNING: [Vivado 12-584] No ports matched 'LED[6]'. [/home/adyn/Documents/GitHub/FPGA-VGA-Tile-Renderer/constraints/basys3.xdc:55]
WARNING: [Vivado 12-584] No ports matched 'LED[7]'. [/home/adyn/Documents/GitHub/FPGA-VGA-Tile-Renderer/constraints/basys3.xdc:56]
WARNING: [Vivado 12-584] No ports matched 'LED[7]'. [/home/adyn/Documents/GitHub/FPGA-VGA-Tile-Renderer/constraints/basys3.xdc:57]
WARNING: [Vivado 12-584] No ports matched 'LED[8]'. [/home/adyn/Documents/GitHub/FPGA-VGA-Tile-Renderer/constraints/basys3.xdc:58]
WARNING: [Vivado 12-584] No ports matched 'LED[8]'. [/home/adyn/Documents/GitHub/FPGA-VGA-Tile-Renderer/constraints/basys3.xdc:59]
WARNING: [Vivado 12-584] No ports matched 'LED[9]'. [/home/adyn/Documents/GitHub/FPGA-VGA-Tile-Renderer/constraints/basys3.xdc:60]
WARNING: [Vivado 12-584] No ports matched 'LED[9]'. [/home/adyn/Documents/GitHub/FPGA-VGA-Tile-Renderer/constraints/basys3.xdc:61]
WARNING: [Vivado 12-584] No ports matched 'LED[10]'. [/home/adyn/Documents/GitHub/FPGA-VGA-Tile-Renderer/constraints/basys3.xdc:62]
WARNING: [Vivado 12-584] No ports matched 'LED[10]'. [/home/adyn/Documents/GitHub/FPGA-VGA-Tile-Renderer/constraints/basys3.xdc:63]
WARNING: [Vivado 12-584] No ports matched 'LED[11]'. [/home/adyn/Documents/GitHub/FPGA-VGA-Tile-Renderer/constraints/basys3.xdc:64]
WARNING: [Vivado 12-584] No ports matched 'LED[11]'. [/home/adyn/Documents/GitHub/FPGA-VGA-Tile-Renderer/constraints/basys3.xdc:65]
WARNING: [Vivado 12-584] No ports matched 'LED[12]'. [/home/adyn/Documents/GitHub/FPGA-VGA-Tile-Renderer/constraints/basys3.xdc:66]
WARNING: [Vivado 12-584] No ports matched 'LED[12]'. [/home/adyn/Documents/GitHub/FPGA-VGA-Tile-Renderer/constraints/basys3.xdc:67]
WARNING: [Vivado 12-584] No ports matched 'LED[13]'. [/home/adyn/Documents/GitHub/FPGA-VGA-Tile-Renderer/constraints/basys3.xdc:68]
WARNING: [Vivado 12-584] No ports matched 'LED[13]'. [/home/adyn/Documents/GitHub/FPGA-VGA-Tile-Renderer/constraints/basys3.xdc:69]
WARNING: [Vivado 12-584] No ports matched 'LED[14]'. [/home/adyn/Documents/GitHub/FPGA-VGA-Tile-Renderer/constraints/basys3.xdc:70]
WARNING: [Vivado 12-584] No ports matched 'LED[14]'. [/home/adyn/Documents/GitHub/FPGA-VGA-Tile-Renderer/constraints/basys3.xdc:71]
WARNING: [Vivado 12-584] No ports matched 'LED[15]'. [/home/adyn/Documents/GitHub/FPGA-VGA-Tile-Renderer/constraints/basys3.xdc:72]
WARNING: [Vivado 12-584] No ports matched 'LED[15]'. [/home/adyn/Documents/GitHub/FPGA-VGA-Tile-Renderer/constraints/basys3.xdc:73]
WARNING: [Vivado 12-584] No ports matched 'SEGMENT[0]'. [/home/adyn/Documents/GitHub/FPGA-VGA-Tile-Renderer/constraints/basys3.xdc:77]
WARNING: [Vivado 12-584] No ports matched 'SEGMENT[0]'. [/home/adyn/Documents/GitHub/FPGA-VGA-Tile-Renderer/constraints/basys3.xdc:78]
WARNING: [Vivado 12-584] No ports matched 'SEGMENT[1]'. [/home/adyn/Documents/GitHub/FPGA-VGA-Tile-Renderer/constraints/basys3.xdc:79]
WARNING: [Vivado 12-584] No ports matched 'SEGMENT[1]'. [/home/adyn/Documents/GitHub/FPGA-VGA-Tile-Renderer/constraints/basys3.xdc:80]
WARNING: [Vivado 12-584] No ports matched 'SEGMENT[2]'. [/home/adyn/Documents/GitHub/FPGA-VGA-Tile-Renderer/constraints/basys3.xdc:81]
WARNING: [Vivado 12-584] No ports matched 'SEGMENT[2]'. [/home/adyn/Documents/GitHub/FPGA-VGA-Tile-Renderer/constraints/basys3.xdc:82]
WARNING: [Vivado 12-584] No ports matched 'SEGMENT[3]'. [/home/adyn/Documents/GitHub/FPGA-VGA-Tile-Renderer/constraints/basys3.xdc:83]
WARNING: [Vivado 12-584] No ports matched 'SEGMENT[3]'. [/home/adyn/Documents/GitHub/FPGA-VGA-Tile-Renderer/constraints/basys3.xdc:84]
WARNING: [Vivado 12-584] No ports matched 'SEGMENT[4]'. [/home/adyn/Documents/GitHub/FPGA-VGA-Tile-Renderer/constraints/basys3.xdc:85]
WARNING: [Vivado 12-584] No ports matched 'SEGMENT[4]'. [/home/adyn/Documents/GitHub/FPGA-VGA-Tile-Renderer/constraints/basys3.xdc:86]
WARNING: [Vivado 12-584] No ports matched 'SEGMENT[5]'. [/home/adyn/Documents/GitHub/FPGA-VGA-Tile-Renderer/constraints/basys3.xdc:87]
WARNING: [Vivado 12-584] No ports matched 'SEGMENT[5]'. [/home/adyn/Documents/GitHub/FPGA-VGA-Tile-Renderer/constraints/basys3.xdc:88]
WARNING: [Vivado 12-584] No ports matched 'SEGMENT[6]'. [/home/adyn/Documents/GitHub/FPGA-VGA-Tile-Renderer/constraints/basys3.xdc:89]
WARNING: [Vivado 12-584] No ports matched 'SEGMENT[6]'. [/home/adyn/Documents/GitHub/FPGA-VGA-Tile-Renderer/constraints/basys3.xdc:90]
WARNING: [Vivado 12-584] No ports matched 'ANODE[0]'. [/home/adyn/Documents/GitHub/FPGA-VGA-Tile-Renderer/constraints/basys3.xdc:95]
WARNING: [Vivado 12-584] No ports matched 'ANODE[0]'. [/home/adyn/Documents/GitHub/FPGA-VGA-Tile-Renderer/constraints/basys3.xdc:96]
WARNING: [Vivado 12-584] No ports matched 'ANODE[1]'. [/home/adyn/Documents/GitHub/FPGA-VGA-Tile-Renderer/constraints/basys3.xdc:97]
WARNING: [Vivado 12-584] No ports matched 'ANODE[1]'. [/home/adyn/Documents/GitHub/FPGA-VGA-Tile-Renderer/constraints/basys3.xdc:98]
WARNING: [Vivado 12-584] No ports matched 'ANODE[2]'. [/home/adyn/Documents/GitHub/FPGA-VGA-Tile-Renderer/constraints/basys3.xdc:99]
WARNING: [Vivado 12-584] No ports matched 'ANODE[2]'. [/home/adyn/Documents/GitHub/FPGA-VGA-Tile-Renderer/constraints/basys3.xdc:100]
WARNING: [Vivado 12-584] No ports matched 'ANODE[3]'. [/home/adyn/Documents/GitHub/FPGA-VGA-Tile-Renderer/constraints/basys3.xdc:101]
WARNING: [Vivado 12-584] No ports matched 'ANODE[3]'. [/home/adyn/Documents/GitHub/FPGA-VGA-Tile-Renderer/constraints/basys3.xdc:102]
WARNING: [Vivado 12-584] No ports matched 'BTNU'. [/home/adyn/Documents/GitHub/FPGA-VGA-Tile-Renderer/constraints/basys3.xdc:108]
WARNING: [Vivado 12-584] No ports matched 'BTNU'. [/home/adyn/Documents/GitHub/FPGA-VGA-Tile-Renderer/constraints/basys3.xdc:109]
WARNING: [Vivado 12-584] No ports matched 'BTNL'. [/home/adyn/Documents/GitHub/FPGA-VGA-Tile-Renderer/constraints/basys3.xdc:110]
WARNING: [Vivado 12-584] No ports matched 'BTNL'. [/home/adyn/Documents/GitHub/FPGA-VGA-Tile-Renderer/constraints/basys3.xdc:111]
WARNING: [Vivado 12-584] No ports matched 'BTNR'. [/home/adyn/Documents/GitHub/FPGA-VGA-Tile-Renderer/constraints/basys3.xdc:112]
WARNING: [Vivado 12-584] No ports matched 'BTNR'. [/home/adyn/Documents/GitHub/FPGA-VGA-Tile-Renderer/constraints/basys3.xdc:113]
WARNING: [Vivado 12-584] No ports matched 'BTND'. [/home/adyn/Documents/GitHub/FPGA-VGA-Tile-Renderer/constraints/basys3.xdc:114]
WARNING: [Vivado 12-584] No ports matched 'BTND'. [/home/adyn/Documents/GitHub/FPGA-VGA-Tile-Renderer/constraints/basys3.xdc:115]
Finished Parsing XDC File [/home/adyn/Documents/GitHub/FPGA-VGA-Tile-Renderer/constraints/basys3.xdc]
WARNING: [Project 1-498] One or more constraints failed evaluation while reading constraint file [/home/adyn/Documents/GitHub/FPGA-VGA-Tile-Renderer/constraints/basys3.xdc] and the design contains unresolved black boxes. These constraints will be read post-synthesis (as long as their source constraint file is marked as used_in_implementation) and should be applied correctly then. You should review the constraints listed in the file [.Xil/Tile_Generator_TopLevel_propImpl.xdc] and check the run log file to verify that these constraints were correctly applied.
INFO: [Project 1-236] Implementation specific constraints were found while reading constraint file [/home/adyn/Documents/GitHub/FPGA-VGA-Tile-Renderer/constraints/basys3.xdc]. These constraints will be ignored for synthesis but will be used in implementation. Impacted constraints are listed in the file [.Xil/Tile_Generator_TopLevel_propImpl.xdc].
Resolution: To avoid this warning, move constraints listed in [.Xil/Tile_Generator_TopLevel_propImpl.xdc] to another XDC file and exclude this new file from synthesis with the used_in_synthesis property (File Properties dialog in GUI) and re-run elaboration/synthesis.
Completed Processing XDC Constraints

Netlist sorting complete. Time (s): cpu = 00:00:00 ; elapsed = 00:00:00 . Memory (MB): peak = 2065.930 ; gain = 0.000 ; free physical = 3053 ; free virtual = 17398
INFO: [Project 1-111] Unisim Transformation Summary:
No Unisim elements were transformed.

Constraint Validation Runtime : Time (s): cpu = 00:00:00 ; elapsed = 00:00:00 . Memory (MB): peak = 2065.930 ; gain = 0.000 ; free physical = 3053 ; free virtual = 17399
INFO: [Designutils 20-5440] No compile time benefit to using incremental synthesis; A full resynthesis will be run
INFO: [Designutils 20-4379] Flow is switching to default flow due to incremental criteria not met. If you would like to alter this behaviour and have the flow terminate instead, please set the following parameter config_implementation {autoIncr.Synth.RejectBehavior Terminate}
---------------------------------------------------------------------------------
Finished Constraint Validation : Time (s): cpu = 00:00:12 ; elapsed = 00:00:12 . Memory (MB): peak = 2065.930 ; gain = 641.328 ; free physical = 3101 ; free virtual = 17447
---------------------------------------------------------------------------------
---------------------------------------------------------------------------------
Start Loading Part and Timing Information
---------------------------------------------------------------------------------
Loading part: xc7a35tcpg236-1
---------------------------------------------------------------------------------
Finished Loading Part and Timing Information : Time (s): cpu = 00:00:12 ; elapsed = 00:00:12 . Memory (MB): peak = 2073.934 ; gain = 649.332 ; free physical = 3101 ; free virtual = 17447
---------------------------------------------------------------------------------
---------------------------------------------------------------------------------
Start Applying 'set_property' XDC Constraints
---------------------------------------------------------------------------------
Applied set_property IO_BUFFER_TYPE = NONE for CLK. (constraint file  /home/adyn/Documents/GitHub/FPGA-VGA-Tile-Renderer/vivado_project/vivado_project.gen/sources_1/ip/clk_wiz_0/clk_wiz_0/clk_wiz_0_in_context.xdc, line 3).
Applied set_property CLOCK_BUFFER_TYPE = NONE for CLK. (constraint file  /home/adyn/Documents/GitHub/FPGA-VGA-Tile-Renderer/vivado_project/vivado_project.gen/sources_1/ip/clk_wiz_0/clk_wiz_0/clk_wiz_0_in_context.xdc, line 4).
Applied set_property KEEP_HIERARCHY = SOFT for clk_25_inst. (constraint file  auto generated constraint).
---------------------------------------------------------------------------------
Finished applying 'set_property' XDC Constraints : Time (s): cpu = 00:00:12 ; elapsed = 00:00:13 . Memory (MB): peak = 2073.934 ; gain = 649.332 ; free physical = 3101 ; free virtual = 17447
---------------------------------------------------------------------------------
---------------------------------------------------------------------------------
Finished RTL Optimization Phase 2 : Time (s): cpu = 00:00:13 ; elapsed = 00:00:13 . Memory (MB): peak = 2073.934 ; gain = 649.332 ; free physical = 3099 ; free virtual = 17446
---------------------------------------------------------------------------------
---------------------------------------------------------------------------------
Start RTL Component Statistics 
---------------------------------------------------------------------------------
Detailed RTL Component Info : 
+---Adders : 
	   2 Input   10 Bit       Adders := 2     
+---Registers : 
	               10 Bit    Registers := 2     
---------------------------------------------------------------------------------
Finished RTL Component Statistics 
---------------------------------------------------------------------------------
---------------------------------------------------------------------------------
Start Part Resource Summary
---------------------------------------------------------------------------------
Part Resources:
DSPs: 90 (col length:60)
BRAMs: 100 (col length: RAMB18 60 RAMB36 30)
---------------------------------------------------------------------------------
Finished Part Resource Summary
---------------------------------------------------------------------------------
---------------------------------------------------------------------------------
Start Cross Boundary and Area Optimization
---------------------------------------------------------------------------------
WARNING: [Synth 8-7080] Parallel synthesis criteria is not met
WARNING: [Synth 8-3917] design Tile_Generator_TopLevel has port vgaGreen[3] driven by constant 0
WARNING: [Synth 8-3917] design Tile_Generator_TopLevel has port vgaGreen[2] driven by constant 0
WARNING: [Synth 8-3917] design Tile_Generator_TopLevel has port vgaGreen[1] driven by constant 0
WARNING: [Synth 8-3917] design Tile_Generator_TopLevel has port vgaGreen[0] driven by constant 0
WARNING: [Synth 8-3917] design Tile_Generator_TopLevel has port vgaBlue[3] driven by constant 0
WARNING: [Synth 8-3917] design Tile_Generator_TopLevel has port vgaBlue[2] driven by constant 0
WARNING: [Synth 8-3917] design Tile_Generator_TopLevel has port vgaBlue[1] driven by constant 0
WARNING: [Synth 8-3917] design Tile_Generator_TopLevel has port vgaBlue[0] driven by constant 0
---------------------------------------------------------------------------------
Finished Cross Boundary and Area Optimization : Time (s): cpu = 00:00:14 ; elapsed = 00:00:14 . Memory (MB): peak = 2073.934 ; gain = 649.332 ; free physical = 3104 ; free virtual = 17454
---------------------------------------------------------------------------------
---------------------------------------------------------------------------------
Start Applying XDC Timing Constraints
---------------------------------------------------------------------------------
---------------------------------------------------------------------------------
Finished Applying XDC Timing Constraints : Time (s): cpu = 00:00:20 ; elapsed = 00:00:20 . Memory (MB): peak = 2107.934 ; gain = 683.332 ; free physical = 3049 ; free virtual = 17399
---------------------------------------------------------------------------------
---------------------------------------------------------------------------------
Start Timing Optimization
---------------------------------------------------------------------------------
---------------------------------------------------------------------------------
Finished Timing Optimization : Time (s): cpu = 00:00:20 ; elapsed = 00:00:20 . Memory (MB): peak = 2136.980 ; gain = 712.379 ; free physical = 3025 ; free virtual = 17376
---------------------------------------------------------------------------------
---------------------------------------------------------------------------------
Start Technology Mapping
---------------------------------------------------------------------------------
---------------------------------------------------------------------------------
Finished Technology Mapping : Time (s): cpu = 00:00:20 ; elapsed = 00:00:20 . Memory (MB): peak = 2136.980 ; gain = 712.379 ; free physical = 3025 ; free virtual = 17376
---------------------------------------------------------------------------------
---------------------------------------------------------------------------------
Start IO Insertion
---------------------------------------------------------------------------------
---------------------------------------------------------------------------------
Start Flattening Before IO Insertion
---------------------------------------------------------------------------------
---------------------------------------------------------------------------------
Finished Flattening Before IO Insertion
---------------------------------------------------------------------------------
---------------------------------------------------------------------------------
Start Final Netlist Cleanup
---------------------------------------------------------------------------------
---------------------------------------------------------------------------------
Finished Final Netlist Cleanup
---------------------------------------------------------------------------------
---------------------------------------------------------------------------------
Finished IO Insertion : Time (s): cpu = 00:00:23 ; elapsed = 00:00:24 . Memory (MB): peak = 2280.793 ; gain = 856.191 ; free physical = 2908 ; free virtual = 17258
---------------------------------------------------------------------------------
---------------------------------------------------------------------------------
Start Renaming Generated Instances
---------------------------------------------------------------------------------
---------------------------------------------------------------------------------
Finished Renaming Generated Instances : Time (s): cpu = 00:00:23 ; elapsed = 00:00:24 . Memory (MB): peak = 2280.793 ; gain = 856.191 ; free physical = 2908 ; free virtual = 17258
---------------------------------------------------------------------------------
---------------------------------------------------------------------------------
Start Rebuilding User Hierarchy
---------------------------------------------------------------------------------
---------------------------------------------------------------------------------
Finished Rebuilding User Hierarchy : Time (s): cpu = 00:00:23 ; elapsed = 00:00:24 . Memory (MB): peak = 2280.793 ; gain = 856.191 ; free physical = 2908 ; free virtual = 17258
---------------------------------------------------------------------------------
---------------------------------------------------------------------------------
Start Renaming Generated Ports
---------------------------------------------------------------------------------
---------------------------------------------------------------------------------
Finished Renaming Generated Ports : Time (s): cpu = 00:00:23 ; elapsed = 00:00:24 . Memory (MB): peak = 2280.793 ; gain = 856.191 ; free physical = 2908 ; free virtual = 17258
---------------------------------------------------------------------------------
---------------------------------------------------------------------------------
Start Handling Custom Attributes
---------------------------------------------------------------------------------
---------------------------------------------------------------------------------
Finished Handling Custom Attributes : Time (s): cpu = 00:00:23 ; elapsed = 00:00:24 . Memory (MB): peak = 2280.793 ; gain = 856.191 ; free physical = 2908 ; free virtual = 17258
---------------------------------------------------------------------------------
---------------------------------------------------------------------------------
Start Renaming Generated Nets
---------------------------------------------------------------------------------
---------------------------------------------------------------------------------
Finished Renaming Generated Nets : Time (s): cpu = 00:00:23 ; elapsed = 00:00:24 . Memory (MB): peak = 2280.793 ; gain = 856.191 ; free physical = 2908 ; free virtual = 17258
---------------------------------------------------------------------------------
---------------------------------------------------------------------------------
Start Writing Synthesis Report
---------------------------------------------------------------------------------

Report BlackBoxes: 
+------+--------------+----------+
|      |BlackBox name |Instances |
+------+--------------+----------+
|1     |clk_wiz_0     |         1|
+------+--------------+----------+

Report Cell Usage: 
+------+--------+------+
|      |Cell    |Count |
+------+--------+------+
|1     |clk_wiz |     1|
|2     |LUT1    |     1|
|3     |LUT2    |     3|
|4     |LUT3    |     3|
|5     |LUT4    |     5|
|6     |LUT5    |     8|
|7     |LUT6    |    14|
|8     |FDCE    |    20|
|9     |IBUF    |     1|
|10    |OBUF    |    14|
+------+--------+------+
---------------------------------------------------------------------------------
Finished Writing Synthesis Report : Time (s): cpu = 00:00:23 ; elapsed = 00:00:24 . Memory (MB): peak = 2280.793 ; gain = 856.191 ; free physical = 2908 ; free virtual = 17258
---------------------------------------------------------------------------------
Synthesis finished with 0 errors, 0 critical warnings and 9 warnings.
Synthesis Optimization Runtime : Time (s): cpu = 00:00:22 ; elapsed = 00:00:22 . Memory (MB): peak = 2280.793 ; gain = 724.441 ; free physical = 2908 ; free virtual = 17258
Synthesis Optimization Complete : Time (s): cpu = 00:00:23 ; elapsed = 00:00:24 . Memory (MB): peak = 2280.801 ; gain = 856.191 ; free physical = 2908 ; free virtual = 17258
INFO: [Project 1-571] Translating synthesized netlist
Netlist sorting complete. Time (s): cpu = 00:00:00 ; elapsed = 00:00:00 . Memory (MB): peak = 2280.801 ; gain = 0.000 ; free physical = 2908 ; free virtual = 17258
INFO: [Project 1-570] Preparing netlist for logic optimization
INFO: [Opt 31-138] Pushed 0 inverter(s) to 0 load pin(s).
Netlist sorting complete. Time (s): cpu = 00:00:00 ; elapsed = 00:00:00 . Memory (MB): peak = 2320.812 ; gain = 0.000 ; free physical = 3078 ; free virtual = 17428
INFO: [Project 1-111] Unisim Transformation Summary:
No Unisim elements were transformed.

Synth Design complete | Checksum: 444986e3
INFO: [Common 17-83] Releasing license: Synthesis
36 Infos, 104 Warnings, 0 Critical Warnings and 0 Errors encountered.
synth_design completed successfully
synth_design: Time (s): cpu = 00:00:32 ; elapsed = 00:00:30 . Memory (MB): peak = 2320.812 ; gain = 916.090 ; free physical = 3078 ; free virtual = 17428
INFO: [Common 17-2834] synth_design peak Physical Memory [PSS] (MB): overall = 1549.602; main = 1501.280; forked = 268.646
INFO: [Common 17-2834] synth_design peak Virtual Memory [VSS] (MB): overall = 3011.945; main = 2320.816; forked = 917.008
Write ShapeDB Complete: Time (s): cpu = 00:00:00.01 ; elapsed = 00:00:00 . Memory (MB): peak = 2344.824 ; gain = 0.000 ; free physical = 3078 ; free virtual = 17428
INFO: [Common 17-1381] The checkpoint '/home/adyn/Documents/GitHub/FPGA-VGA-Tile-Renderer/vivado_project/vivado_project.runs/synth_1/Tile_Generator_TopLevel.dcp' has been generated.
INFO: [Vivado 12-24828] Executing command : report_utilization -file Tile_Generator_TopLevel_utilization_synth.rpt -pb Tile_Generator_TopLevel_utilization_synth.pb
INFO: [Common 17-206] Exiting Vivado at Sun Jul 19 18:13:10 2026...
